[2016-01-07 14:37:30] local.ERROR: exception 'Symfony\Component\Console\Exception\RuntimeException' with message 'Not enough arguments (missing: "name").' in /Users/paulo/Desktop/seiportal/vendor/symfony/console/Input/Input.php:87
Stack trace:
#0 /Users/paulo/Desktop/seiportal/vendor/symfony/console/Command/Command.php(251): Symfony\Component\Console\Input\Input->validate()
#1 /Users/paulo/Desktop/seiportal/vendor/laravel/framework/src/Illuminate/Console/Command.php(155): Symfony\Component\Console\Command\Command->run(Object(Symfony\Component\Console\Input\ArgvInput), Object(Symfony\Component\Console\Output\ConsoleOutput))
#2 /Users/paulo/Desktop/seiportal/vendor/symfony/console/Application.php(787): Illuminate\Console\Command->run(Object(Symfony\Component\Console\Input\ArgvInput), Object(Symfony\Component\Console\Output\ConsoleOutput))
#3 /Users/paulo/Desktop/seiportal/vendor/symfony/console/Application.php(186): Symfony\Component\Console\Application->doRunCommand(Object(Illuminate\Foundation\Console\ModelMakeCommand), Object(Symfony\Component\Console\Input\ArgvInput), Object(Symfony\Component\Console\Output\ConsoleOutput))
#4 /Users/paulo/Desktop/seiportal/vendor/symfony/console/Application.php(117): Symfony\Component\Console\Application->doRun(Object(Symfony\Component\Console\Input\ArgvInput), Object(Symfony\Component\Console\Output\ConsoleOutput))
#5 /Users/paulo/Desktop/seiportal/vendor/laravel/framework/src/Illuminate/Foundation/Console/Kernel.php(107): Symfony\Component\Console\Application->run(Object(Symfony\Component\Console\Input\ArgvInput), Object(Symfony\Component\Console\Output\ConsoleOutput))
#6 /Users/paulo/Desktop/seiportal/artisan(36): Illuminate\Foundation\Console\Kernel->handle(Object(Symfony\Component\Console\Input\ArgvInput), Object(Symfony\Component\Console\Output\ConsoleOutput))
#7 {main}  
[2016-01-07 16:16:11] local.ERROR: exception 'Symfony\Component\Debug\Exception\FatalErrorException' with message 'syntax error, unexpected 'protect' (T_STRING), expecting function (T_FUNCTION)' in /Users/paulo/Desktop/seiportal/app/ControlerFluxo.php:11
Stack trace:
#0 {main}  
[2016-01-08 12:17:33] local.ERROR: exception 'Symfony\Component\Debug\Exception\FatalErrorException' with message 'Class 'App\Http\Controllers\App\Http\ControleFluxo' not found' in /Users/paulo/Desktop/seiportal/app/Http/Controllers/ControleFluxoController.php:19
Stack trace:
#0 {main}  
[2016-01-08 12:18:06] local.ERROR: exception 'Symfony\Component\Debug\Exception\FatalErrorException' with message 'Class 'App\Http\Controllers\App\ControleFluxo' not found' in /Users/paulo/Desktop/seiportal/app/Http/Controllers/ControleFluxoController.php:19
Stack trace:
#0 {main}  
[2016-01-08 12:21:32] local.ERROR: exception 'Symfony\Component\Debug\Exception\FatalErrorException' with message 'Class 'App\Http\Controllers\App\ControleFluxo' not found' in /Users/paulo/Desktop/seiportal/app/Http/Controllers/ControleFluxoController.php:19
Stack trace:
#0 {main}  
[2016-01-08 12:26:38] local.ERROR: exception 'PDOException' with message 'SQLSTATE[08006] [7] timeout expired' in /Users/paulo/Desktop/seiportal/vendor/laravel/framework/src/Illuminate/Database/Connectors/Connector.php:55
Stack trace:
#0 /Users/paulo/Desktop/seiportal/vendor/laravel/framework/src/Illuminate/Database/Connectors/Connector.php(55): PDO->__construct('pgsql:host=172....', 'etl', 'etl', Array)
#1 /Users/paulo/Desktop/seiportal/vendor/laravel/framework/src/Illuminate/Database/Connectors/PostgresConnector.php(36): Illuminate\Database\Connectors\Connector->createConnection('pgsql:host=172....', Array, Array)
#2 /Users/paulo/Desktop/seiportal/vendor/laravel/framework/src/Illuminate/Database/Connectors/ConnectionFactory.php(60): Illuminate\Database\Connectors\PostgresConnector->connect(Array)
#3 /Users/paulo/Desktop/seiportal/vendor/laravel/framework/src/Illuminate/Database/Connectors/ConnectionFactory.php(49): Illuminate\Database\Connectors\ConnectionFactory->createSingleConnection(Array)
#4 /Users/paulo/Desktop/seiportal/vendor/laravel/framework/src/Illuminate/Database/DatabaseManager.php(176): Illuminate\Database\Connectors\ConnectionFactory->make(Array, 'pgsql')
#5 /Users/paulo/Desktop/seiportal/vendor/laravel/framework/src/Illuminate/Database/DatabaseManager.php(68): Illuminate\Database\DatabaseManager->makeConnection('pgsql')
#6 /Users/paulo/Desktop/seiportal/vendor/laravel/framework/src/Illuminate/Database/Eloquent/Model.php(3335): Illuminate\Database\DatabaseManager->connection(NULL)
#7 /Users/paulo/Desktop/seiportal/vendor/laravel/framework/src/Illuminate/Database/Eloquent/Model.php(3301): Illuminate\Database\Eloquent\Model::resolveConnection(NULL)
#8 /Users/paulo/Desktop/seiportal/vendor/laravel/framework/src/Illuminate/Database/Eloquent/Model.php(1932): Illuminate\Database\Eloquent\Model->getConnection()
#9 /Users/paulo/Desktop/seiportal/vendor/laravel/framework/src/Illuminate/Database/Eloquent/Model.php(1905): Illuminate\Database\Eloquent\Model->newBaseQueryBuilder()
#10 /Users/paulo/Desktop/seiportal/vendor/laravel/framework/src/Illuminate/Database/Eloquent/Model.php(1875): Illuminate\Database\Eloquent\Model->newQueryWithoutScopes()
#11 /Users/paulo/Desktop/seiportal/vendor/laravel/framework/src/Illuminate/Database/Eloquent/Model.php(692): Illuminate\Database\Eloquent\Model->newQuery()
#12 /Users/paulo/Desktop/seiportal/app/Http/Controllers/ControleFluxoController.php(20): Illuminate\Database\Eloquent\Model::all()
#13 [internal function]: App\Http\Controllers\ControleFluxoController->index()
#14 /Users/paulo/Desktop/seiportal/vendor/laravel/framework/src/Illuminate/Routing/Controller.php(76): call_user_func_array(Array, Array)
#15 /Users/paulo/Desktop/seiportal/vendor/laravel/framework/src/Illuminate/Routing/ControllerDispatcher.php(146): Illuminate\Routing\Controller->callAction('index', Array)
#16 /Users/paulo/Desktop/seiportal/vendor/laravel/framework/src/Illuminate/Routing/ControllerDispatcher.php(94): Illuminate\Routing\ControllerDispatcher->call(Object(App\Http\Controllers\ControleFluxoController), Object(Illuminate\Routing\Route), 'index')
#17 [internal function]: Illuminate\Routing\ControllerDispatcher->Illuminate\Routing\{closure}(Object(Illuminate\Http\Request))
#18 /Users/paulo/Desktop/seiportal/vendor/laravel/framework/src/Illuminate/Routing/Pipeline.php(52): call_user_func(Object(Closure), Object(Illuminate\Http\Request))
#19 [internal function]: Illuminate\Routing\Pipeline->Illuminate\Routing\{closure}(Object(Illuminate\Http\Request))
#20 /Users/paulo/Desktop/seiportal/vendor/laravel/framework/src/Illuminate/Pipeline/Pipeline.php(103): call_user_func(Object(Closure), Object(Illuminate\Http\Request))
#21 /Users/paulo/Desktop/seiportal/vendor/laravel/framework/src/Illuminate/Routing/ControllerDispatcher.php(96): Illuminate\Pipeline\Pipeline->then(Object(Closure))
#22 /Users/paulo/Desktop/seiportal/vendor/laravel/framework/src/Illuminate/Routing/ControllerDispatcher.php(54): Illuminate\Routing\ControllerDispatcher->callWithinStack(Object(App\Http\Controllers\ControleFluxoController), Object(Illuminate\Routing\Route), Object(Illuminate\Http\Request), 'index')
#23 /Users/paulo/Desktop/seiportal/vendor/laravel/framework/src/Illuminate/Routing/Route.php(174): Illuminate\Routing\ControllerDispatcher->dispatch(Object(Illuminate\Routing\Route), Object(Illuminate\Http\Request), 'App\\Http\\Contro...', 'index')
#24 /Users/paulo/Desktop/seiportal/vendor/laravel/framework/src/Illuminate/Routing/Route.php(140): Illuminate\Routing\Route->runController(Object(Illuminate\Http\Request))
#25 /Users/paulo/Desktop/seiportal/vendor/laravel/framework/src/Illuminate/Routing/Router.php(703): Illuminate\Routing\Route->run(Object(Illuminate\Http\Request))
#26 [internal function]: Illuminate\Routing\Router->Illuminate\Routing\{closure}(Object(Illuminate\Http\Request))
#27 /Users/paulo/Desktop/seiportal/vendor/laravel/framework/src/Illuminate/Routing/Pipeline.php(52): call_user_func(Object(Closure), Object(Illuminate\Http\Request))
#28 [internal function]: Illuminate\Routing\Pipeline->Illuminate\Routing\{closure}(Object(Illuminate\Http\Request))
#29 /Users/paulo/Desktop/seiportal/vendor/laravel/framework/src/Illuminate/Pipeline/Pipeline.php(103): call_user_func(Object(Closure), Object(Illuminate\Http\Request))
#30 /Users/paulo/Desktop/seiportal/vendor/laravel/framework/src/Illuminate/Routing/Router.php(705): Illuminate\Pipeline\Pipeline->then(Object(Closure))
#31 /Users/paulo/Desktop/seiportal/vendor/laravel/framework/src/Illuminate/Routing/Router.php(678): Illuminate\Routing\Router->runRouteWithinStack(Object(Illuminate\Routing\Route), Object(Illuminate\Http\Request))
#32 /Users/paulo/Desktop/seiportal/vendor/laravel/framework/src/Illuminate/Routing/Router.php(654): Illuminate\Routing\Router->dispatchToRoute(Object(Illuminate\Http\Request))
#33 /Users/paulo/Desktop/seiportal/vendor/laravel/framework/src/Illuminate/Foundation/Http/Kernel.php(246): Illuminate\Routing\Router->dispatch(Object(Illuminate\Http\Request))
#34 [internal function]: Illuminate\Foundation\Http\Kernel->Illuminate\Foundation\Http\{closure}(Object(Illuminate\Http\Request))
#35 /Users/paulo/Desktop/seiportal/vendor/laravel/framework/src/Illuminate/Routing/Pipeline.php(52): call_user_func(Object(Closure), Object(Illuminate\Http\Request))
#36 /Users/paulo/Desktop/seiportal/vendor/laravel/framework/src/Illuminate/Foundation/Http/Middleware/CheckForMaintenanceMode.php(44): Illuminate\Routing\Pipeline->Illuminate\Routing\{closure}(Object(Illuminate\Http\Request))
#37 [internal function]: Illuminate\Foundation\Http\Middleware\CheckForMaintenanceMode->handle(Object(Illuminate\Http\Request), Object(Closure))
#38 /Users/paulo/Desktop/seiportal/vendor/laravel/framework/src/Illuminate/Pipeline/Pipeline.php(124): call_user_func_array(Array, Array)
#39 [internal function]: Illuminate\Pipeline\Pipeline->Illuminate\Pipeline\{closure}(Object(Illuminate\Http\Request))
#40 /Users/paulo/Desktop/seiportal/vendor/laravel/framework/src/Illuminate/Routing/Pipeline.php(32): call_user_func(Object(Closure), Object(Illuminate\Http\Request))
#41 [internal function]: Illuminate\Routing\Pipeline->Illuminate\Routing\{closure}(Object(Illuminate\Http\Request))
#42 /Users/paulo/Desktop/seiportal/vendor/laravel/framework/src/Illuminate/Pipeline/Pipeline.php(103): call_user_func(Object(Closure), Object(Illuminate\Http\Request))
#43 /Users/paulo/Desktop/seiportal/vendor/laravel/framework/src/Illuminate/Foundation/Http/Kernel.php(132): Illuminate\Pipeline\Pipeline->then(Object(Closure))
#44 /Users/paulo/Desktop/seiportal/vendor/laravel/framework/src/Illuminate/Foundation/Http/Kernel.php(99): Illuminate\Foundation\Http\Kernel->sendRequestThroughRouter(Object(Illuminate\Http\Request))
#45 /Users/paulo/Desktop/seiportal/public/index.php(54): Illuminate\Foundation\Http\Kernel->handle(Object(Illuminate\Http\Request))
#46 /Users/paulo/Desktop/seiportal/server.php(21): require_once('/Users/paulo/De...')
#47 {main}  
[2016-01-08 12:27:32] local.ERROR: exception 'Symfony\Component\Debug\Exception\FatalErrorException' with message 'syntax error, unexpected 'return' (T_RETURN)' in /Users/paulo/Desktop/seiportal/app/Http/Controllers/ControleFluxoController.php:22
Stack trace:
#0 {main}  
[2016-01-08 12:48:23] local.ERROR: exception 'PDOException' with message 'SQLSTATE[08006] [7] timeout expired' in /Users/paulo/Desktop/seiportal/vendor/laravel/framework/src/Illuminate/Database/Connectors/Connector.php:55
Stack trace:
#0 /Users/paulo/Desktop/seiportal/vendor/laravel/framework/src/Illuminate/Database/Connectors/Connector.php(55): PDO->__construct('pgsql:host=172....', 'etl', 'etl', Array)
#1 /Users/paulo/Desktop/seiportal/vendor/laravel/framework/src/Illuminate/Database/Connectors/PostgresConnector.php(36): Illuminate\Database\Connectors\Connector->createConnection('pgsql:host=172....', Array, Array)
#2 /Users/paulo/Desktop/seiportal/vendor/laravel/framework/src/Illuminate/Database/Connectors/ConnectionFactory.php(60): Illuminate\Database\Connectors\PostgresConnector->connect(Array)
#3 /Users/paulo/Desktop/seiportal/vendor/laravel/framework/src/Illuminate/Database/Connectors/ConnectionFactory.php(49): Illuminate\Database\Connectors\ConnectionFactory->createSingleConnection(Array)
#4 /Users/paulo/Desktop/seiportal/vendor/laravel/framework/src/Illuminate/Database/DatabaseManager.php(176): Illuminate\Database\Connectors\ConnectionFactory->make(Array, 'pgsql')
#5 /Users/paulo/Desktop/seiportal/vendor/laravel/framework/src/Illuminate/Database/DatabaseManager.php(68): Illuminate\Database\DatabaseManager->makeConnection('pgsql')
#6 /Users/paulo/Desktop/seiportal/vendor/laravel/framework/src/Illuminate/Database/Eloquent/Model.php(3335): Illuminate\Database\DatabaseManager->connection(NULL)
#7 /Users/paulo/Desktop/seiportal/vendor/laravel/framework/src/Illuminate/Database/Eloquent/Model.php(3301): Illuminate\Database\Eloquent\Model::resolveConnection(NULL)
#8 /Users/paulo/Desktop/seiportal/vendor/laravel/framework/src/Illuminate/Database/Eloquent/Model.php(1932): Illuminate\Database\Eloquent\Model->getConnection()
#9 /Users/paulo/Desktop/seiportal/vendor/laravel/framework/src/Illuminate/Database/Eloquent/Model.php(1905): Illuminate\Database\Eloquent\Model->newBaseQueryBuilder()
#10 /Users/paulo/Desktop/seiportal/vendor/laravel/framework/src/Illuminate/Database/Eloquent/Model.php(1875): Illuminate\Database\Eloquent\Model->newQueryWithoutScopes()
#11 /Users/paulo/Desktop/seiportal/vendor/laravel/framework/src/Illuminate/Database/Eloquent/Model.php(692): Illuminate\Database\Eloquent\Model->newQuery()
#12 /Users/paulo/Desktop/seiportal/app/Http/Controllers/ControleFluxoController.php(20): Illuminate\Database\Eloquent\Model::all()
#13 [internal function]: App\Http\Controllers\ControleFluxoController->index()
#14 /Users/paulo/Desktop/seiportal/vendor/laravel/framework/src/Illuminate/Routing/Controller.php(76): call_user_func_array(Array, Array)
#15 /Users/paulo/Desktop/seiportal/vendor/laravel/framework/src/Illuminate/Routing/ControllerDispatcher.php(146): Illuminate\Routing\Controller->callAction('index', Array)
#16 /Users/paulo/Desktop/seiportal/vendor/laravel/framework/src/Illuminate/Routing/ControllerDispatcher.php(94): Illuminate\Routing\ControllerDispatcher->call(Object(App\Http\Controllers\ControleFluxoController), Object(Illuminate\Routing\Route), 'index')
#17 [internal function]: Illuminate\Routing\ControllerDispatcher->Illuminate\Routing\{closure}(Object(Illuminate\Http\Request))
#18 /Users/paulo/Desktop/seiportal/vendor/laravel/framework/src/Illuminate/Routing/Pipeline.php(52): call_user_func(Object(Closure), Object(Illuminate\Http\Request))
#19 [internal function]: Illuminate\Routing\Pipeline->Illuminate\Routing\{closure}(Object(Illuminate\Http\Request))
#20 /Users/paulo/Desktop/seiportal/vendor/laravel/framework/src/Illuminate/Pipeline/Pipeline.php(103): call_user_func(Object(Closure), Object(Illuminate\Http\Request))
#21 /Users/paulo/Desktop/seiportal/vendor/laravel/framework/src/Illuminate/Routing/ControllerDispatcher.php(96): Illuminate\Pipeline\Pipeline->then(Object(Closure))
#22 /Users/paulo/Desktop/seiportal/vendor/laravel/framework/src/Illuminate/Routing/ControllerDispatcher.php(54): Illuminate\Routing\ControllerDispatcher->callWithinStack(Object(App\Http\Controllers\ControleFluxoController), Object(Illuminate\Routing\Route), Object(Illuminate\Http\Request), 'index')
#23 /Users/paulo/Desktop/seiportal/vendor/laravel/framework/src/Illuminate/Routing/Route.php(174): Illuminate\Routing\ControllerDispatcher->dispatch(Object(Illuminate\Routing\Route), Object(Illuminate\Http\Request), 'App\\Http\\Contro...', 'index')
#24 /Users/paulo/Desktop/seiportal/vendor/laravel/framework/src/Illuminate/Routing/Route.php(140): Illuminate\Routing\Route->runController(Object(Illuminate\Http\Request))
#25 /Users/paulo/Desktop/seiportal/vendor/laravel/framework/src/Illuminate/Routing/Router.php(703): Illuminate\Routing\Route->run(Object(Illuminate\Http\Request))
#26 [internal function]: Illuminate\Routing\Router->Illuminate\Routing\{closure}(Object(Illuminate\Http\Request))
#27 /Users/paulo/Desktop/seiportal/vendor/laravel/framework/src/Illuminate/Routing/Pipeline.php(52): call_user_func(Object(Closure), Object(Illuminate\Http\Request))
#28 [internal function]: Illuminate\Routing\Pipeline->Illuminate\Routing\{closure}(Object(Illuminate\Http\Request))
#29 /Users/paulo/Desktop/seiportal/vendor/laravel/framework/src/Illuminate/Pipeline/Pipeline.php(103): call_user_func(Object(Closure), Object(Illuminate\Http\Request))
#30 /Users/paulo/Desktop/seiportal/vendor/laravel/framework/src/Illuminate/Routing/Router.php(705): Illuminate\Pipeline\Pipeline->then(Object(Closure))
#31 /Users/paulo/Desktop/seiportal/vendor/laravel/framework/src/Illuminate/Routing/Router.php(678): Illuminate\Routing\Router->runRouteWithinStack(Object(Illuminate\Routing\Route), Object(Illuminate\Http\Request))
#32 /Users/paulo/Desktop/seiportal/vendor/laravel/framework/src/Illuminate/Routing/Router.php(654): Illuminate\Routing\Router->dispatchToRoute(Object(Illuminate\Http\Request))
#33 /Users/paulo/Desktop/seiportal/vendor/laravel/framework/src/Illuminate/Foundation/Http/Kernel.php(246): Illuminate\Routing\Router->dispatch(Object(Illuminate\Http\Request))
#34 [internal function]: Illuminate\Foundation\Http\Kernel->Illuminate\Foundation\Http\{closure}(Object(Illuminate\Http\Request))
#35 /Users/paulo/Desktop/seiportal/vendor/laravel/framework/src/Illuminate/Routing/Pipeline.php(52): call_user_func(Object(Closure), Object(Illuminate\Http\Request))
#36 /Users/paulo/Desktop/seiportal/vendor/laravel/framework/src/Illuminate/Foundation/Http/Middleware/CheckForMaintenanceMode.php(44): Illuminate\Routing\Pipeline->Illuminate\Routing\{closure}(Object(Illuminate\Http\Request))
#37 [internal function]: Illuminate\Foundation\Http\Middleware\CheckForMaintenanceMode->handle(Object(Illuminate\Http\Request), Object(Closure))
#38 /Users/paulo/Desktop/seiportal/vendor/laravel/framework/src/Illuminate/Pipeline/Pipeline.php(124): call_user_func_array(Array, Array)
#39 [internal function]: Illuminate\Pipeline\Pipeline->Illuminate\Pipeline\{closure}(Object(Illuminate\Http\Request))
#40 /Users/paulo/Desktop/seiportal/vendor/laravel/framework/src/Illuminate/Routing/Pipeline.php(32): call_user_func(Object(Closure), Object(Illuminate\Http\Request))
#41 [internal function]: Illuminate\Routing\Pipeline->Illuminate\Routing\{closure}(Object(Illuminate\Http\Request))
#42 /Users/paulo/Desktop/seiportal/vendor/laravel/framework/src/Illuminate/Pipeline/Pipeline.php(103): call_user_func(Object(Closure), Object(Illuminate\Http\Request))
#43 /Users/paulo/Desktop/seiportal/vendor/laravel/framework/src/Illuminate/Foundation/Http/Kernel.php(132): Illuminate\Pipeline\Pipeline->then(Object(Closure))
#44 /Users/paulo/Desktop/seiportal/vendor/laravel/framework/src/Illuminate/Foundation/Http/Kernel.php(99): Illuminate\Foundation\Http\Kernel->sendRequestThroughRouter(Object(Illuminate\Http\Request))
#45 /Users/paulo/Desktop/seiportal/public/index.php(54): Illuminate\Foundation\Http\Kernel->handle(Object(Illuminate\Http\Request))
#46 /Users/paulo/Desktop/seiportal/server.php(21): require_once('/Users/paulo/De...')
#47 {main}  
[2016-01-08 14:43:02] local.ERROR: exception 'PDOException' with message 'SQLSTATE[08006] [7] timeout expired' in /Users/paulo/Desktop/seiportal/vendor/laravel/framework/src/Illuminate/Database/Connectors/Connector.php:55
Stack trace:
#0 /Users/paulo/Desktop/seiportal/vendor/laravel/framework/src/Illuminate/Database/Connectors/Connector.php(55): PDO->__construct('pgsql:host=172....', 'etl', 'etl', Array)
#1 /Users/paulo/Desktop/seiportal/vendor/laravel/framework/src/Illuminate/Database/Connectors/PostgresConnector.php(36): Illuminate\Database\Connectors\Connector->createConnection('pgsql:host=172....', Array, Array)
#2 /Users/paulo/Desktop/seiportal/vendor/laravel/framework/src/Illuminate/Database/Connectors/ConnectionFactory.php(60): Illuminate\Database\Connectors\PostgresConnector->connect(Array)
#3 /Users/paulo/Desktop/seiportal/vendor/laravel/framework/src/Illuminate/Database/Connectors/ConnectionFactory.php(49): Illuminate\Database\Connectors\ConnectionFactory->createSingleConnection(Array)
#4 /Users/paulo/Desktop/seiportal/vendor/laravel/framework/src/Illuminate/Database/DatabaseManager.php(176): Illuminate\Database\Connectors\ConnectionFactory->make(Array, 'pgsql')
#5 /Users/paulo/Desktop/seiportal/vendor/laravel/framework/src/Illuminate/Database/DatabaseManager.php(68): Illuminate\Database\DatabaseManager->makeConnection('pgsql')
#6 /Users/paulo/Desktop/seiportal/vendor/laravel/framework/src/Illuminate/Database/Eloquent/Model.php(3335): Illuminate\Database\DatabaseManager->connection(NULL)
#7 /Users/paulo/Desktop/seiportal/vendor/laravel/framework/src/Illuminate/Database/Eloquent/Model.php(3301): Illuminate\Database\Eloquent\Model::resolveConnection(NULL)
#8 /Users/paulo/Desktop/seiportal/vendor/laravel/framework/src/Illuminate/Database/Eloquent/Model.php(1932): Illuminate\Database\Eloquent\Model->getConnection()
#9 /Users/paulo/Desktop/seiportal/vendor/laravel/framework/src/Illuminate/Database/Eloquent/Model.php(1905): Illuminate\Database\Eloquent\Model->newBaseQueryBuilder()
#10 /Users/paulo/Desktop/seiportal/vendor/laravel/framework/src/Illuminate/Database/Eloquent/Model.php(1875): Illuminate\Database\Eloquent\Model->newQueryWithoutScopes()
#11 /Users/paulo/Desktop/seiportal/vendor/laravel/framework/src/Illuminate/Database/Eloquent/Model.php(692): Illuminate\Database\Eloquent\Model->newQuery()
#12 /Users/paulo/Desktop/seiportal/app/Http/Controllers/ControleFluxoController.php(21): Illuminate\Database\Eloquent\Model::all()
#13 [internal function]: App\Http\Controllers\ControleFluxoController->index()
#14 /Users/paulo/Desktop/seiportal/vendor/laravel/framework/src/Illuminate/Routing/Controller.php(76): call_user_func_array(Array, Array)
#15 /Users/paulo/Desktop/seiportal/vendor/laravel/framework/src/Illuminate/Routing/ControllerDispatcher.php(146): Illuminate\Routing\Controller->callAction('index', Array)
#16 /Users/paulo/Desktop/seiportal/vendor/laravel/framework/src/Illuminate/Routing/ControllerDispatcher.php(94): Illuminate\Routing\ControllerDispatcher->call(Object(App\Http\Controllers\ControleFluxoController), Object(Illuminate\Routing\Route), 'index')
#17 [internal function]: Illuminate\Routing\ControllerDispatcher->Illuminate\Routing\{closure}(Object(Illuminate\Http\Request))
#18 /Users/paulo/Desktop/seiportal/vendor/laravel/framework/src/Illuminate/Routing/Pipeline.php(52): call_user_func(Object(Closure), Object(Illuminate\Http\Request))
#19 [internal function]: Illuminate\Routing\Pipeline->Illuminate\Routing\{closure}(Object(Illuminate\Http\Request))
#20 /Users/paulo/Desktop/seiportal/vendor/laravel/framework/src/Illuminate/Pipeline/Pipeline.php(103): call_user_func(Object(Closure), Object(Illuminate\Http\Request))
#21 /Users/paulo/Desktop/seiportal/vendor/laravel/framework/src/Illuminate/Routing/ControllerDispatcher.php(96): Illuminate\Pipeline\Pipeline->then(Object(Closure))
#22 /Users/paulo/Desktop/seiportal/vendor/laravel/framework/src/Illuminate/Routing/ControllerDispatcher.php(54): Illuminate\Routing\ControllerDispatcher->callWithinStack(Object(App\Http\Controllers\ControleFluxoController), Object(Illuminate\Routing\Route), Object(Illuminate\Http\Request), 'index')
#23 /Users/paulo/Desktop/seiportal/vendor/laravel/framework/src/Illuminate/Routing/Route.php(174): Illuminate\Routing\ControllerDispatcher->dispatch(Object(Illuminate\Routing\Route), Object(Illuminate\Http\Request), 'App\\Http\\Contro...', 'index')
#24 /Users/paulo/Desktop/seiportal/vendor/laravel/framework/src/Illuminate/Routing/Route.php(140): Illuminate\Routing\Route->runController(Object(Illuminate\Http\Request))
#25 /Users/paulo/Desktop/seiportal/vendor/laravel/framework/src/Illuminate/Routing/Router.php(703): Illuminate\Routing\Route->run(Object(Illuminate\Http\Request))
#26 [internal function]: Illuminate\Routing\Router->Illuminate\Routing\{closure}(Object(Illuminate\Http\Request))
#27 /Users/paulo/Desktop/seiportal/vendor/laravel/framework/src/Illuminate/Routing/Pipeline.php(52): call_user_func(Object(Closure), Object(Illuminate\Http\Request))
#28 [internal function]: Illuminate\Routing\Pipeline->Illuminate\Routing\{closure}(Object(Illuminate\Http\Request))
#29 /Users/paulo/Desktop/seiportal/vendor/laravel/framework/src/Illuminate/Pipeline/Pipeline.php(103): call_user_func(Object(Closure), Object(Illuminate\Http\Request))
#30 /Users/paulo/Desktop/seiportal/vendor/laravel/framework/src/Illuminate/Routing/Router.php(705): Illuminate\Pipeline\Pipeline->then(Object(Closure))
#31 /Users/paulo/Desktop/seiportal/vendor/laravel/framework/src/Illuminate/Routing/Router.php(678): Illuminate\Routing\Router->runRouteWithinStack(Object(Illuminate\Routing\Route), Object(Illuminate\Http\Request))
#32 /Users/paulo/Desktop/seiportal/vendor/laravel/framework/src/Illuminate/Routing/Router.php(654): Illuminate\Routing\Router->dispatchToRoute(Object(Illuminate\Http\Request))
#33 /Users/paulo/Desktop/seiportal/vendor/laravel/framework/src/Illuminate/Foundation/Http/Kernel.php(246): Illuminate\Routing\Router->dispatch(Object(Illuminate\Http\Request))
#34 [internal function]: Illuminate\Foundation\Http\Kernel->Illuminate\Foundation\Http\{closure}(Object(Illuminate\Http\Request))
#35 /Users/paulo/Desktop/seiportal/vendor/laravel/framework/src/Illuminate/Routing/Pipeline.php(52): call_user_func(Object(Closure), Object(Illuminate\Http\Request))
#36 /Users/paulo/Desktop/seiportal/vendor/laravel/framework/src/Illuminate/Foundation/Http/Middleware/CheckForMaintenanceMode.php(44): Illuminate\Routing\Pipeline->Illuminate\Routing\{closure}(Object(Illuminate\Http\Request))
#37 [internal function]: Illuminate\Foundation\Http\Middleware\CheckForMaintenanceMode->handle(Object(Illuminate\Http\Request), Object(Closure))
#38 /Users/paulo/Desktop/seiportal/vendor/laravel/framework/src/Illuminate/Pipeline/Pipeline.php(124): call_user_func_array(Array, Array)
#39 [internal function]: Illuminate\Pipeline\Pipeline->Illuminate\Pipeline\{closure}(Object(Illuminate\Http\Request))
#40 /Users/paulo/Desktop/seiportal/vendor/laravel/framework/src/Illuminate/Routing/Pipeline.php(32): call_user_func(Object(Closure), Object(Illuminate\Http\Request))
#41 [internal function]: Illuminate\Routing\Pipeline->Illuminate\Routing\{closure}(Object(Illuminate\Http\Request))
#42 /Users/paulo/Desktop/seiportal/vendor/laravel/framework/src/Illuminate/Pipeline/Pipeline.php(103): call_user_func(Object(Closure), Object(Illuminate\Http\Request))
#43 /Users/paulo/Desktop/seiportal/vendor/laravel/framework/src/Illuminate/Foundation/Http/Kernel.php(132): Illuminate\Pipeline\Pipeline->then(Object(Closure))
#44 /Users/paulo/Desktop/seiportal/vendor/laravel/framework/src/Illuminate/Foundation/Http/Kernel.php(99): Illuminate\Foundation\Http\Kernel->sendRequestThroughRouter(Object(Illuminate\Http\Request))
#45 /Users/paulo/Desktop/seiportal/public/index.php(54): Illuminate\Foundation\Http\Kernel->handle(Object(Illuminate\Http\Request))
#46 /Users/paulo/Desktop/seiportal/server.php(21): require_once('/Users/paulo/De...')
#47 {main}  
[2016-01-08 14:43:32] local.ERROR: exception 'PDOException' with message 'SQLSTATE[08006] [7] timeout expired' in /Users/paulo/Desktop/seiportal/vendor/laravel/framework/src/Illuminate/Database/Connectors/Connector.php:55
Stack trace:
#0 /Users/paulo/Desktop/seiportal/vendor/laravel/framework/src/Illuminate/Database/Connectors/Connector.php(55): PDO->__construct('pgsql:host=172....', 'etl', 'etl', Array)
#1 /Users/paulo/Desktop/seiportal/vendor/laravel/framework/src/Illuminate/Database/Connectors/PostgresConnector.php(36): Illuminate\Database\Connectors\Connector->createConnection('pgsql:host=172....', Array, Array)
#2 /Users/paulo/Desktop/seiportal/vendor/laravel/framework/src/Illuminate/Database/Connectors/ConnectionFactory.php(60): Illuminate\Database\Connectors\PostgresConnector->connect(Array)
#3 /Users/paulo/Desktop/seiportal/vendor/laravel/framework/src/Illuminate/Database/Connectors/ConnectionFactory.php(49): Illuminate\Database\Connectors\ConnectionFactory->createSingleConnection(Array)
#4 /Users/paulo/Desktop/seiportal/vendor/laravel/framework/src/Illuminate/Database/DatabaseManager.php(176): Illuminate\Database\Connectors\ConnectionFactory->make(Array, 'pgsql')
#5 /Users/paulo/Desktop/seiportal/vendor/laravel/framework/src/Illuminate/Database/DatabaseManager.php(68): Illuminate\Database\DatabaseManager->makeConnection('pgsql')
#6 /Users/paulo/Desktop/seiportal/vendor/laravel/framework/src/Illuminate/Database/Eloquent/Model.php(3335): Illuminate\Database\DatabaseManager->connection(NULL)
#7 /Users/paulo/Desktop/seiportal/vendor/laravel/framework/src/Illuminate/Database/Eloquent/Model.php(3301): Illuminate\Database\Eloquent\Model::resolveConnection(NULL)
#8 /Users/paulo/Desktop/seiportal/vendor/laravel/framework/src/Illuminate/Database/Eloquent/Model.php(1932): Illuminate\Database\Eloquent\Model->getConnection()
#9 /Users/paulo/Desktop/seiportal/vendor/laravel/framework/src/Illuminate/Database/Eloquent/Model.php(1905): Illuminate\Database\Eloquent\Model->newBaseQueryBuilder()
#10 /Users/paulo/Desktop/seiportal/vendor/laravel/framework/src/Illuminate/Database/Eloquent/Model.php(1875): Illuminate\Database\Eloquent\Model->newQueryWithoutScopes()
#11 /Users/paulo/Desktop/seiportal/vendor/laravel/framework/src/Illuminate/Database/Eloquent/Model.php(692): Illuminate\Database\Eloquent\Model->newQuery()
#12 /Users/paulo/Desktop/seiportal/app/Http/Controllers/ControleFluxoController.php(21): Illuminate\Database\Eloquent\Model::all()
#13 [internal function]: App\Http\Controllers\ControleFluxoController->index()
#14 /Users/paulo/Desktop/seiportal/vendor/laravel/framework/src/Illuminate/Routing/Controller.php(76): call_user_func_array(Array, Array)
#15 /Users/paulo/Desktop/seiportal/vendor/laravel/framework/src/Illuminate/Routing/ControllerDispatcher.php(146): Illuminate\Routing\Controller->callAction('index', Array)
#16 /Users/paulo/Desktop/seiportal/vendor/laravel/framework/src/Illuminate/Routing/ControllerDispatcher.php(94): Illuminate\Routing\ControllerDispatcher->call(Object(App\Http\Controllers\ControleFluxoController), Object(Illuminate\Routing\Route), 'index')
#17 [internal function]: Illuminate\Routing\ControllerDispatcher->Illuminate\Routing\{closure}(Object(Illuminate\Http\Request))
#18 /Users/paulo/Desktop/seiportal/vendor/laravel/framework/src/Illuminate/Routing/Pipeline.php(52): call_user_func(Object(Closure), Object(Illuminate\Http\Request))
#19 [internal function]: Illuminate\Routing\Pipeline->Illuminate\Routing\{closure}(Object(Illuminate\Http\Request))
#20 /Users/paulo/Desktop/seiportal/vendor/laravel/framework/src/Illuminate/Pipeline/Pipeline.php(103): call_user_func(Object(Closure), Object(Illuminate\Http\Request))
#21 /Users/paulo/Desktop/seiportal/vendor/laravel/framework/src/Illuminate/Routing/ControllerDispatcher.php(96): Illuminate\Pipeline\Pipeline->then(Object(Closure))
#22 /Users/paulo/Desktop/seiportal/vendor/laravel/framework/src/Illuminate/Routing/ControllerDispatcher.php(54): Illuminate\Routing\ControllerDispatcher->callWithinStack(Object(App\Http\Controllers\ControleFluxoController), Object(Illuminate\Routing\Route), Object(Illuminate\Http\Request), 'index')
#23 /Users/paulo/Desktop/seiportal/vendor/laravel/framework/src/Illuminate/Routing/Route.php(174): Illuminate\Routing\ControllerDispatcher->dispatch(Object(Illuminate\Routing\Route), Object(Illuminate\Http\Request), 'App\\Http\\Contro...', 'index')
#24 /Users/paulo/Desktop/seiportal/vendor/laravel/framework/src/Illuminate/Routing/Route.php(140): Illuminate\Routing\Route->runController(Object(Illuminate\Http\Request))
#25 /Users/paulo/Desktop/seiportal/vendor/laravel/framework/src/Illuminate/Routing/Router.php(703): Illuminate\Routing\Route->run(Object(Illuminate\Http\Request))
#26 [internal function]: Illuminate\Routing\Router->Illuminate\Routing\{closure}(Object(Illuminate\Http\Request))
#27 /Users/paulo/Desktop/seiportal/vendor/laravel/framework/src/Illuminate/Routing/Pipeline.php(52): call_user_func(Object(Closure), Object(Illuminate\Http\Request))
#28 [internal function]: Illuminate\Routing\Pipeline->Illuminate\Routing\{closure}(Object(Illuminate\Http\Request))
#29 /Users/paulo/Desktop/seiportal/vendor/laravel/framework/src/Illuminate/Pipeline/Pipeline.php(103): call_user_func(Object(Closure), Object(Illuminate\Http\Request))
#30 /Users/paulo/Desktop/seiportal/vendor/laravel/framework/src/Illuminate/Routing/Router.php(705): Illuminate\Pipeline\Pipeline->then(Object(Closure))
#31 /Users/paulo/Desktop/seiportal/vendor/laravel/framework/src/Illuminate/Routing/Router.php(678): Illuminate\Routing\Router->runRouteWithinStack(Object(Illuminate\Routing\Route), Object(Illuminate\Http\Request))
#32 /Users/paulo/Desktop/seiportal/vendor/laravel/framework/src/Illuminate/Routing/Router.php(654): Illuminate\Routing\Router->dispatchToRoute(Object(Illuminate\Http\Request))
#33 /Users/paulo/Desktop/seiportal/vendor/laravel/framework/src/Illuminate/Foundation/Http/Kernel.php(246): Illuminate\Routing\Router->dispatch(Object(Illuminate\Http\Request))
#34 [internal function]: Illuminate\Foundation\Http\Kernel->Illuminate\Foundation\Http\{closure}(Object(Illuminate\Http\Request))
#35 /Users/paulo/Desktop/seiportal/vendor/laravel/framework/src/Illuminate/Routing/Pipeline.php(52): call_user_func(Object(Closure), Object(Illuminate\Http\Request))
#36 /Users/paulo/Desktop/seiportal/vendor/laravel/framework/src/Illuminate/Foundation/Http/Middleware/CheckForMaintenanceMode.php(44): Illuminate\Routing\Pipeline->Illuminate\Routing\{closure}(Object(Illuminate\Http\Request))
#37 [internal function]: Illuminate\Foundation\Http\Middleware\CheckForMaintenanceMode->handle(Object(Illuminate\Http\Request), Object(Closure))
#38 /Users/paulo/Desktop/seiportal/vendor/laravel/framework/src/Illuminate/Pipeline/Pipeline.php(124): call_user_func_array(Array, Array)
#39 [internal function]: Illuminate\Pipeline\Pipeline->Illuminate\Pipeline\{closure}(Object(Illuminate\Http\Request))
#40 /Users/paulo/Desktop/seiportal/vendor/laravel/framework/src/Illuminate/Routing/Pipeline.php(32): call_user_func(Object(Closure), Object(Illuminate\Http\Request))
#41 [internal function]: Illuminate\Routing\Pipeline->Illuminate\Routing\{closure}(Object(Illuminate\Http\Request))
#42 /Users/paulo/Desktop/seiportal/vendor/laravel/framework/src/Illuminate/Pipeline/Pipeline.php(103): call_user_func(Object(Closure), Object(Illuminate\Http\Request))
#43 /Users/paulo/Desktop/seiportal/vendor/laravel/framework/src/Illuminate/Foundation/Http/Kernel.php(132): Illuminate\Pipeline\Pipeline->then(Object(Closure))
#44 /Users/paulo/Desktop/seiportal/vendor/laravel/framework/src/Illuminate/Foundation/Http/Kernel.php(99): Illuminate\Foundation\Http\Kernel->sendRequestThroughRouter(Object(Illuminate\Http\Request))
#45 /Users/paulo/Desktop/seiportal/public/index.php(54): Illuminate\Foundation\Http\Kernel->handle(Object(Illuminate\Http\Request))
#46 /Users/paulo/Desktop/seiportal/server.php(21): require_once('/Users/paulo/De...')
#47 {main}  
[2016-01-08 14:47:52] local.ERROR: exception 'PDOException' with message 'SQLSTATE[08006] [7] timeout expired' in /Users/paulo/Desktop/seiportal/vendor/laravel/framework/src/Illuminate/Database/Connectors/Connector.php:55
Stack trace:
#0 /Users/paulo/Desktop/seiportal/vendor/laravel/framework/src/Illuminate/Database/Connectors/Connector.php(55): PDO->__construct('pgsql:host=172....', 'etl', 'etl', Array)
#1 /Users/paulo/Desktop/seiportal/vendor/laravel/framework/src/Illuminate/Database/Connectors/PostgresConnector.php(36): Illuminate\Database\Connectors\Connector->createConnection('pgsql:host=172....', Array, Array)
#2 /Users/paulo/Desktop/seiportal/vendor/laravel/framework/src/Illuminate/Database/Connectors/ConnectionFactory.php(60): Illuminate\Database\Connectors\PostgresConnector->connect(Array)
#3 /Users/paulo/Desktop/seiportal/vendor/laravel/framework/src/Illuminate/Database/Connectors/ConnectionFactory.php(49): Illuminate\Database\Connectors\ConnectionFactory->createSingleConnection(Array)
#4 /Users/paulo/Desktop/seiportal/vendor/laravel/framework/src/Illuminate/Database/DatabaseManager.php(176): Illuminate\Database\Connectors\ConnectionFactory->make(Array, 'pgsql')
#5 /Users/paulo/Desktop/seiportal/vendor/laravel/framework/src/Illuminate/Database/DatabaseManager.php(68): Illuminate\Database\DatabaseManager->makeConnection('pgsql')
#6 /Users/paulo/Desktop/seiportal/vendor/laravel/framework/src/Illuminate/Database/Eloquent/Model.php(3335): Illuminate\Database\DatabaseManager->connection(NULL)
#7 /Users/paulo/Desktop/seiportal/vendor/laravel/framework/src/Illuminate/Database/Eloquent/Model.php(3301): Illuminate\Database\Eloquent\Model::resolveConnection(NULL)
#8 /Users/paulo/Desktop/seiportal/vendor/laravel/framework/src/Illuminate/Database/Eloquent/Model.php(1932): Illuminate\Database\Eloquent\Model->getConnection()
#9 /Users/paulo/Desktop/seiportal/vendor/laravel/framework/src/Illuminate/Database/Eloquent/Model.php(1905): Illuminate\Database\Eloquent\Model->newBaseQueryBuilder()
#10 /Users/paulo/Desktop/seiportal/vendor/laravel/framework/src/Illuminate/Database/Eloquent/Model.php(1875): Illuminate\Database\Eloquent\Model->newQueryWithoutScopes()
#11 /Users/paulo/Desktop/seiportal/vendor/laravel/framework/src/Illuminate/Database/Eloquent/Model.php(692): Illuminate\Database\Eloquent\Model->newQuery()
#12 /Users/paulo/Desktop/seiportal/app/Http/Controllers/ControleFluxoController.php(21): Illuminate\Database\Eloquent\Model::all()
#13 [internal function]: App\Http\Controllers\ControleFluxoController->index()
#14 /Users/paulo/Desktop/seiportal/vendor/laravel/framework/src/Illuminate/Routing/Controller.php(76): call_user_func_array(Array, Array)
#15 /Users/paulo/Desktop/seiportal/vendor/laravel/framework/src/Illuminate/Routing/ControllerDispatcher.php(146): Illuminate\Routing\Controller->callAction('index', Array)
#16 /Users/paulo/Desktop/seiportal/vendor/laravel/framework/src/Illuminate/Routing/ControllerDispatcher.php(94): Illuminate\Routing\ControllerDispatcher->call(Object(App\Http\Controllers\ControleFluxoController), Object(Illuminate\Routing\Route), 'index')
#17 [internal function]: Illuminate\Routing\ControllerDispatcher->Illuminate\Routing\{closure}(Object(Illuminate\Http\Request))
#18 /Users/paulo/Desktop/seiportal/vendor/laravel/framework/src/Illuminate/Routing/Pipeline.php(52): call_user_func(Object(Closure), Object(Illuminate\Http\Request))
#19 [internal function]: Illuminate\Routing\Pipeline->Illuminate\Routing\{closure}(Object(Illuminate\Http\Request))
#20 /Users/paulo/Desktop/seiportal/vendor/laravel/framework/src/Illuminate/Pipeline/Pipeline.php(103): call_user_func(Object(Closure), Object(Illuminate\Http\Request))
#21 /Users/paulo/Desktop/seiportal/vendor/laravel/framework/src/Illuminate/Routing/ControllerDispatcher.php(96): Illuminate\Pipeline\Pipeline->then(Object(Closure))
#22 /Users/paulo/Desktop/seiportal/vendor/laravel/framework/src/Illuminate/Routing/ControllerDispatcher.php(54): Illuminate\Routing\ControllerDispatcher->callWithinStack(Object(App\Http\Controllers\ControleFluxoController), Object(Illuminate\Routing\Route), Object(Illuminate\Http\Request), 'index')
#23 /Users/paulo/Desktop/seiportal/vendor/laravel/framework/src/Illuminate/Routing/Route.php(174): Illuminate\Routing\ControllerDispatcher->dispatch(Object(Illuminate\Routing\Route), Object(Illuminate\Http\Request), 'App\\Http\\Contro...', 'index')
#24 /Users/paulo/Desktop/seiportal/vendor/laravel/framework/src/Illuminate/Routing/Route.php(140): Illuminate\Routing\Route->runController(Object(Illuminate\Http\Request))
#25 /Users/paulo/Desktop/seiportal/vendor/laravel/framework/src/Illuminate/Routing/Router.php(703): Illuminate\Routing\Route->run(Object(Illuminate\Http\Request))
#26 [internal function]: Illuminate\Routing\Router->Illuminate\Routing\{closure}(Object(Illuminate\Http\Request))
#27 /Users/paulo/Desktop/seiportal/vendor/laravel/framework/src/Illuminate/Routing/Pipeline.php(52): call_user_func(Object(Closure), Object(Illuminate\Http\Request))
#28 [internal function]: Illuminate\Routing\Pipeline->Illuminate\Routing\{closure}(Object(Illuminate\Http\Request))
#29 /Users/paulo/Desktop/seiportal/vendor/laravel/framework/src/Illuminate/Pipeline/Pipeline.php(103): call_user_func(Object(Closure), Object(Illuminate\Http\Request))
#30 /Users/paulo/Desktop/seiportal/vendor/laravel/framework/src/Illuminate/Routing/Router.php(705): Illuminate\Pipeline\Pipeline->then(Object(Closure))
#31 /Users/paulo/Desktop/seiportal/vendor/laravel/framework/src/Illuminate/Routing/Router.php(678): Illuminate\Routing\Router->runRouteWithinStack(Object(Illuminate\Routing\Route), Object(Illuminate\Http\Request))
#32 /Users/paulo/Desktop/seiportal/vendor/laravel/framework/src/Illuminate/Routing/Router.php(654): Illuminate\Routing\Router->dispatchToRoute(Object(Illuminate\Http\Request))
#33 /Users/paulo/Desktop/seiportal/vendor/laravel/framework/src/Illuminate/Foundation/Http/Kernel.php(246): Illuminate\Routing\Router->dispatch(Object(Illuminate\Http\Request))
#34 [internal function]: Illuminate\Foundation\Http\Kernel->Illuminate\Foundation\Http\{closure}(Object(Illuminate\Http\Request))
#35 /Users/paulo/Desktop/seiportal/vendor/laravel/framework/src/Illuminate/Routing/Pipeline.php(52): call_user_func(Object(Closure), Object(Illuminate\Http\Request))
#36 /Users/paulo/Desktop/seiportal/vendor/laravel/framework/src/Illuminate/Foundation/Http/Middleware/CheckForMaintenanceMode.php(44): Illuminate\Routing\Pipeline->Illuminate\Routing\{closure}(Object(Illuminate\Http\Request))
#37 [internal function]: Illuminate\Foundation\Http\Middleware\CheckForMaintenanceMode->handle(Object(Illuminate\Http\Request), Object(Closure))
#38 /Users/paulo/Desktop/seiportal/vendor/laravel/framework/src/Illuminate/Pipeline/Pipeline.php(124): call_user_func_array(Array, Array)
#39 [internal function]: Illuminate\Pipeline\Pipeline->Illuminate\Pipeline\{closure}(Object(Illuminate\Http\Request))
#40 /Users/paulo/Desktop/seiportal/vendor/laravel/framework/src/Illuminate/Routing/Pipeline.php(32): call_user_func(Object(Closure), Object(Illuminate\Http\Request))
#41 [internal function]: Illuminate\Routing\Pipeline->Illuminate\Routing\{closure}(Object(Illuminate\Http\Request))
#42 /Users/paulo/Desktop/seiportal/vendor/laravel/framework/src/Illuminate/Pipeline/Pipeline.php(103): call_user_func(Object(Closure), Object(Illuminate\Http\Request))
#43 /Users/paulo/Desktop/seiportal/vendor/laravel/framework/src/Illuminate/Foundation/Http/Kernel.php(132): Illuminate\Pipeline\Pipeline->then(Object(Closure))
#44 /Users/paulo/Desktop/seiportal/vendor/laravel/framework/src/Illuminate/Foundation/Http/Kernel.php(99): Illuminate\Foundation\Http\Kernel->sendRequestThroughRouter(Object(Illuminate\Http\Request))
#45 /Users/paulo/Desktop/seiportal/public/index.php(54): Illuminate\Foundation\Http\Kernel->handle(Object(Illuminate\Http\Request))
#46 /Users/paulo/Desktop/seiportal/server.php(21): require_once('/Users/paulo/De...')
#47 {main}  
[2016-01-08 15:51:11] local.ERROR: exception 'PDOException' with message 'SQLSTATE[08006] [7] timeout expired' in /Users/paulo/Desktop/seiportal/vendor/laravel/framework/src/Illuminate/Database/Connectors/Connector.php:55
Stack trace:
#0 /Users/paulo/Desktop/seiportal/vendor/laravel/framework/src/Illuminate/Database/Connectors/Connector.php(55): PDO->__construct('pgsql:host=172....', 'etl', 'etl', Array)
#1 /Users/paulo/Desktop/seiportal/vendor/laravel/framework/src/Illuminate/Database/Connectors/PostgresConnector.php(36): Illuminate\Database\Connectors\Connector->createConnection('pgsql:host=172....', Array, Array)
#2 /Users/paulo/Desktop/seiportal/vendor/laravel/framework/src/Illuminate/Database/Connectors/ConnectionFactory.php(60): Illuminate\Database\Connectors\PostgresConnector->connect(Array)
#3 /Users/paulo/Desktop/seiportal/vendor/laravel/framework/src/Illuminate/Database/Connectors/ConnectionFactory.php(49): Illuminate\Database\Connectors\ConnectionFactory->createSingleConnection(Array)
#4 /Users/paulo/Desktop/seiportal/vendor/laravel/framework/src/Illuminate/Database/DatabaseManager.php(176): Illuminate\Database\Connectors\ConnectionFactory->make(Array, 'pgsql')
#5 /Users/paulo/Desktop/seiportal/vendor/laravel/framework/src/Illuminate/Database/DatabaseManager.php(68): Illuminate\Database\DatabaseManager->makeConnection('pgsql')
#6 /Users/paulo/Desktop/seiportal/vendor/laravel/framework/src/Illuminate/Database/Eloquent/Model.php(3335): Illuminate\Database\DatabaseManager->connection(NULL)
#7 /Users/paulo/Desktop/seiportal/vendor/laravel/framework/src/Illuminate/Database/Eloquent/Model.php(3301): Illuminate\Database\Eloquent\Model::resolveConnection(NULL)
#8 /Users/paulo/Desktop/seiportal/vendor/laravel/framework/src/Illuminate/Database/Eloquent/Model.php(1932): Illuminate\Database\Eloquent\Model->getConnection()
#9 /Users/paulo/Desktop/seiportal/vendor/laravel/framework/src/Illuminate/Database/Eloquent/Model.php(1905): Illuminate\Database\Eloquent\Model->newBaseQueryBuilder()
#10 /Users/paulo/Desktop/seiportal/vendor/laravel/framework/src/Illuminate/Database/Eloquent/Model.php(1875): Illuminate\Database\Eloquent\Model->newQueryWithoutScopes()
#11 /Users/paulo/Desktop/seiportal/vendor/laravel/framework/src/Illuminate/Database/Eloquent/Model.php(692): Illuminate\Database\Eloquent\Model->newQuery()
#12 /Users/paulo/Desktop/seiportal/app/Http/Controllers/ControleFluxoController.php(21): Illuminate\Database\Eloquent\Model::all()
#13 [internal function]: App\Http\Controllers\ControleFluxoController->index()
#14 /Users/paulo/Desktop/seiportal/vendor/laravel/framework/src/Illuminate/Routing/Controller.php(76): call_user_func_array(Array, Array)
#15 /Users/paulo/Desktop/seiportal/vendor/laravel/framework/src/Illuminate/Routing/ControllerDispatcher.php(146): Illuminate\Routing\Controller->callAction('index', Array)
#16 /Users/paulo/Desktop/seiportal/vendor/laravel/framework/src/Illuminate/Routing/ControllerDispatcher.php(94): Illuminate\Routing\ControllerDispatcher->call(Object(App\Http\Controllers\ControleFluxoController), Object(Illuminate\Routing\Route), 'index')
#17 [internal function]: Illuminate\Routing\ControllerDispatcher->Illuminate\Routing\{closure}(Object(Illuminate\Http\Request))
#18 /Users/paulo/Desktop/seiportal/vendor/laravel/framework/src/Illuminate/Routing/Pipeline.php(52): call_user_func(Object(Closure), Object(Illuminate\Http\Request))
#19 [internal function]: Illuminate\Routing\Pipeline->Illuminate\Routing\{closure}(Object(Illuminate\Http\Request))
#20 /Users/paulo/Desktop/seiportal/vendor/laravel/framework/src/Illuminate/Pipeline/Pipeline.php(103): call_user_func(Object(Closure), Object(Illuminate\Http\Request))
#21 /Users/paulo/Desktop/seiportal/vendor/laravel/framework/src/Illuminate/Routing/ControllerDispatcher.php(96): Illuminate\Pipeline\Pipeline->then(Object(Closure))
#22 /Users/paulo/Desktop/seiportal/vendor/laravel/framework/src/Illuminate/Routing/ControllerDispatcher.php(54): Illuminate\Routing\ControllerDispatcher->callWithinStack(Object(App\Http\Controllers\ControleFluxoController), Object(Illuminate\Routing\Route), Object(Illuminate\Http\Request), 'index')
#23 /Users/paulo/Desktop/seiportal/vendor/laravel/framework/src/Illuminate/Routing/Route.php(174): Illuminate\Routing\ControllerDispatcher->dispatch(Object(Illuminate\Routing\Route), Object(Illuminate\Http\Request), 'App\\Http\\Contro...', 'index')
#24 /Users/paulo/Desktop/seiportal/vendor/laravel/framework/src/Illuminate/Routing/Route.php(140): Illuminate\Routing\Route->runController(Object(Illuminate\Http\Request))
#25 /Users/paulo/Desktop/seiportal/vendor/laravel/framework/src/Illuminate/Routing/Router.php(703): Illuminate\Routing\Route->run(Object(Illuminate\Http\Request))
#26 [internal function]: Illuminate\Routing\Router->Illuminate\Routing\{closure}(Object(Illuminate\Http\Request))
#27 /Users/paulo/Desktop/seiportal/vendor/laravel/framework/src/Illuminate/Routing/Pipeline.php(52): call_user_func(Object(Closure), Object(Illuminate\Http\Request))
#28 [internal function]: Illuminate\Routing\Pipeline->Illuminate\Routing\{closure}(Object(Illuminate\Http\Request))
#29 /Users/paulo/Desktop/seiportal/vendor/laravel/framework/src/Illuminate/Pipeline/Pipeline.php(103): call_user_func(Object(Closure), Object(Illuminate\Http\Request))
#30 /Users/paulo/Desktop/seiportal/vendor/laravel/framework/src/Illuminate/Routing/Router.php(705): Illuminate\Pipeline\Pipeline->then(Object(Closure))
#31 /Users/paulo/Desktop/seiportal/vendor/laravel/framework/src/Illuminate/Routing/Router.php(678): Illuminate\Routing\Router->runRouteWithinStack(Object(Illuminate\Routing\Route), Object(Illuminate\Http\Request))
#32 /Users/paulo/Desktop/seiportal/vendor/laravel/framework/src/Illuminate/Routing/Router.php(654): Illuminate\Routing\Router->dispatchToRoute(Object(Illuminate\Http\Request))
#33 /Users/paulo/Desktop/seiportal/vendor/laravel/framework/src/Illuminate/Foundation/Http/Kernel.php(246): Illuminate\Routing\Router->dispatch(Object(Illuminate\Http\Request))
#34 [internal function]: Illuminate\Foundation\Http\Kernel->Illuminate\Foundation\Http\{closure}(Object(Illuminate\Http\Request))
#35 /Users/paulo/Desktop/seiportal/vendor/laravel/framework/src/Illuminate/Routing/Pipeline.php(52): call_user_func(Object(Closure), Object(Illuminate\Http\Request))
#36 /Users/paulo/Desktop/seiportal/vendor/laravel/framework/src/Illuminate/Foundation/Http/Middleware/CheckForMaintenanceMode.php(44): Illuminate\Routing\Pipeline->Illuminate\Routing\{closure}(Object(Illuminate\Http\Request))
#37 [internal function]: Illuminate\Foundation\Http\Middleware\CheckForMaintenanceMode->handle(Object(Illuminate\Http\Request), Object(Closure))
#38 /Users/paulo/Desktop/seiportal/vendor/laravel/framework/src/Illuminate/Pipeline/Pipeline.php(124): call_user_func_array(Array, Array)
#39 [internal function]: Illuminate\Pipeline\Pipeline->Illuminate\Pipeline\{closure}(Object(Illuminate\Http\Request))
#40 /Users/paulo/Desktop/seiportal/vendor/laravel/framework/src/Illuminate/Routing/Pipeline.php(32): call_user_func(Object(Closure), Object(Illuminate\Http\Request))
#41 [internal function]: Illuminate\Routing\Pipeline->Illuminate\Routing\{closure}(Object(Illuminate\Http\Request))
#42 /Users/paulo/Desktop/seiportal/vendor/laravel/framework/src/Illuminate/Pipeline/Pipeline.php(103): call_user_func(Object(Closure), Object(Illuminate\Http\Request))
#43 /Users/paulo/Desktop/seiportal/vendor/laravel/framework/src/Illuminate/Foundation/Http/Kernel.php(132): Illuminate\Pipeline\Pipeline->then(Object(Closure))
#44 /Users/paulo/Desktop/seiportal/vendor/laravel/framework/src/Illuminate/Foundation/Http/Kernel.php(99): Illuminate\Foundation\Http\Kernel->sendRequestThroughRouter(Object(Illuminate\Http\Request))
#45 /Users/paulo/Desktop/seiportal/public/index.php(54): Illuminate\Foundation\Http\Kernel->handle(Object(Illuminate\Http\Request))
#46 /Users/paulo/Desktop/seiportal/server.php(21): require_once('/Users/paulo/De...')
#47 {main}  
[2016-01-08 15:51:43] local.ERROR: exception 'PDOException' with message 'SQLSTATE[08006] [7] timeout expired' in /Users/paulo/Desktop/seiportal/vendor/laravel/framework/src/Illuminate/Database/Connectors/Connector.php:55
Stack trace:
#0 /Users/paulo/Desktop/seiportal/vendor/laravel/framework/src/Illuminate/Database/Connectors/Connector.php(55): PDO->__construct('pgsql:host=172....', 'etl', 'etl', Array)
#1 /Users/paulo/Desktop/seiportal/vendor/laravel/framework/src/Illuminate/Database/Connectors/PostgresConnector.php(36): Illuminate\Database\Connectors\Connector->createConnection('pgsql:host=172....', Array, Array)
#2 /Users/paulo/Desktop/seiportal/vendor/laravel/framework/src/Illuminate/Database/Connectors/ConnectionFactory.php(60): Illuminate\Database\Connectors\PostgresConnector->connect(Array)
#3 /Users/paulo/Desktop/seiportal/vendor/laravel/framework/src/Illuminate/Database/Connectors/ConnectionFactory.php(49): Illuminate\Database\Connectors\ConnectionFactory->createSingleConnection(Array)
#4 /Users/paulo/Desktop/seiportal/vendor/laravel/framework/src/Illuminate/Database/DatabaseManager.php(176): Illuminate\Database\Connectors\ConnectionFactory->make(Array, 'pgsql')
#5 /Users/paulo/Desktop/seiportal/vendor/laravel/framework/src/Illuminate/Database/DatabaseManager.php(68): Illuminate\Database\DatabaseManager->makeConnection('pgsql')
#6 /Users/paulo/Desktop/seiportal/vendor/laravel/framework/src/Illuminate/Database/Eloquent/Model.php(3335): Illuminate\Database\DatabaseManager->connection(NULL)
#7 /Users/paulo/Desktop/seiportal/vendor/laravel/framework/src/Illuminate/Database/Eloquent/Model.php(3301): Illuminate\Database\Eloquent\Model::resolveConnection(NULL)
#8 /Users/paulo/Desktop/seiportal/vendor/laravel/framework/src/Illuminate/Database/Eloquent/Model.php(1932): Illuminate\Database\Eloquent\Model->getConnection()
#9 /Users/paulo/Desktop/seiportal/vendor/laravel/framework/src/Illuminate/Database/Eloquent/Model.php(1905): Illuminate\Database\Eloquent\Model->newBaseQueryBuilder()
#10 /Users/paulo/Desktop/seiportal/vendor/laravel/framework/src/Illuminate/Database/Eloquent/Model.php(1875): Illuminate\Database\Eloquent\Model->newQueryWithoutScopes()
#11 /Users/paulo/Desktop/seiportal/vendor/laravel/framework/src/Illuminate/Database/Eloquent/Model.php(692): Illuminate\Database\Eloquent\Model->newQuery()
#12 /Users/paulo/Desktop/seiportal/app/Http/Controllers/ControleFluxoController.php(21): Illuminate\Database\Eloquent\Model::all()
#13 [internal function]: App\Http\Controllers\ControleFluxoController->index()
#14 /Users/paulo/Desktop/seiportal/vendor/laravel/framework/src/Illuminate/Routing/Controller.php(76): call_user_func_array(Array, Array)
#15 /Users/paulo/Desktop/seiportal/vendor/laravel/framework/src/Illuminate/Routing/ControllerDispatcher.php(146): Illuminate\Routing\Controller->callAction('index', Array)
#16 /Users/paulo/Desktop/seiportal/vendor/laravel/framework/src/Illuminate/Routing/ControllerDispatcher.php(94): Illuminate\Routing\ControllerDispatcher->call(Object(App\Http\Controllers\ControleFluxoController), Object(Illuminate\Routing\Route), 'index')
#17 [internal function]: Illuminate\Routing\ControllerDispatcher->Illuminate\Routing\{closure}(Object(Illuminate\Http\Request))
#18 /Users/paulo/Desktop/seiportal/vendor/laravel/framework/src/Illuminate/Routing/Pipeline.php(52): call_user_func(Object(Closure), Object(Illuminate\Http\Request))
#19 [internal function]: Illuminate\Routing\Pipeline->Illuminate\Routing\{closure}(Object(Illuminate\Http\Request))
#20 /Users/paulo/Desktop/seiportal/vendor/laravel/framework/src/Illuminate/Pipeline/Pipeline.php(103): call_user_func(Object(Closure), Object(Illuminate\Http\Request))
#21 /Users/paulo/Desktop/seiportal/vendor/laravel/framework/src/Illuminate/Routing/ControllerDispatcher.php(96): Illuminate\Pipeline\Pipeline->then(Object(Closure))
#22 /Users/paulo/Desktop/seiportal/vendor/laravel/framework/src/Illuminate/Routing/ControllerDispatcher.php(54): Illuminate\Routing\ControllerDispatcher->callWithinStack(Object(App\Http\Controllers\ControleFluxoController), Object(Illuminate\Routing\Route), Object(Illuminate\Http\Request), 'index')
#23 /Users/paulo/Desktop/seiportal/vendor/laravel/framework/src/Illuminate/Routing/Route.php(174): Illuminate\Routing\ControllerDispatcher->dispatch(Object(Illuminate\Routing\Route), Object(Illuminate\Http\Request), 'App\\Http\\Contro...', 'index')
#24 /Users/paulo/Desktop/seiportal/vendor/laravel/framework/src/Illuminate/Routing/Route.php(140): Illuminate\Routing\Route->runController(Object(Illuminate\Http\Request))
#25 /Users/paulo/Desktop/seiportal/vendor/laravel/framework/src/Illuminate/Routing/Router.php(703): Illuminate\Routing\Route->run(Object(Illuminate\Http\Request))
#26 [internal function]: Illuminate\Routing\Router->Illuminate\Routing\{closure}(Object(Illuminate\Http\Request))
#27 /Users/paulo/Desktop/seiportal/vendor/laravel/framework/src/Illuminate/Routing/Pipeline.php(52): call_user_func(Object(Closure), Object(Illuminate\Http\Request))
#28 [internal function]: Illuminate\Routing\Pipeline->Illuminate\Routing\{closure}(Object(Illuminate\Http\Request))
#29 /Users/paulo/Desktop/seiportal/vendor/laravel/framework/src/Illuminate/Pipeline/Pipeline.php(103): call_user_func(Object(Closure), Object(Illuminate\Http\Request))
#30 /Users/paulo/Desktop/seiportal/vendor/laravel/framework/src/Illuminate/Routing/Router.php(705): Illuminate\Pipeline\Pipeline->then(Object(Closure))
#31 /Users/paulo/Desktop/seiportal/vendor/laravel/framework/src/Illuminate/Routing/Router.php(678): Illuminate\Routing\Router->runRouteWithinStack(Object(Illuminate\Routing\Route), Object(Illuminate\Http\Request))
#32 /Users/paulo/Desktop/seiportal/vendor/laravel/framework/src/Illuminate/Routing/Router.php(654): Illuminate\Routing\Router->dispatchToRoute(Object(Illuminate\Http\Request))
#33 /Users/paulo/Desktop/seiportal/vendor/laravel/framework/src/Illuminate/Foundation/Http/Kernel.php(246): Illuminate\Routing\Router->dispatch(Object(Illuminate\Http\Request))
#34 [internal function]: Illuminate\Foundation\Http\Kernel->Illuminate\Foundation\Http\{closure}(Object(Illuminate\Http\Request))
#35 /Users/paulo/Desktop/seiportal/vendor/laravel/framework/src/Illuminate/Routing/Pipeline.php(52): call_user_func(Object(Closure), Object(Illuminate\Http\Request))
#36 /Users/paulo/Desktop/seiportal/vendor/laravel/framework/src/Illuminate/Foundation/Http/Middleware/CheckForMaintenanceMode.php(44): Illuminate\Routing\Pipeline->Illuminate\Routing\{closure}(Object(Illuminate\Http\Request))
#37 [internal function]: Illuminate\Foundation\Http\Middleware\CheckForMaintenanceMode->handle(Object(Illuminate\Http\Request), Object(Closure))
#38 /Users/paulo/Desktop/seiportal/vendor/laravel/framework/src/Illuminate/Pipeline/Pipeline.php(124): call_user_func_array(Array, Array)
#39 [internal function]: Illuminate\Pipeline\Pipeline->Illuminate\Pipeline\{closure}(Object(Illuminate\Http\Request))
#40 /Users/paulo/Desktop/seiportal/vendor/laravel/framework/src/Illuminate/Routing/Pipeline.php(32): call_user_func(Object(Closure), Object(Illuminate\Http\Request))
#41 [internal function]: Illuminate\Routing\Pipeline->Illuminate\Routing\{closure}(Object(Illuminate\Http\Request))
#42 /Users/paulo/Desktop/seiportal/vendor/laravel/framework/src/Illuminate/Pipeline/Pipeline.php(103): call_user_func(Object(Closure), Object(Illuminate\Http\Request))
#43 /Users/paulo/Desktop/seiportal/vendor/laravel/framework/src/Illuminate/Foundation/Http/Kernel.php(132): Illuminate\Pipeline\Pipeline->then(Object(Closure))
#44 /Users/paulo/Desktop/seiportal/vendor/laravel/framework/src/Illuminate/Foundation/Http/Kernel.php(99): Illuminate\Foundation\Http\Kernel->sendRequestThroughRouter(Object(Illuminate\Http\Request))
#45 /Users/paulo/Desktop/seiportal/public/index.php(54): Illuminate\Foundation\Http\Kernel->handle(Object(Illuminate\Http\Request))
#46 /Users/paulo/Desktop/seiportal/server.php(21): require_once('/Users/paulo/De...')
#47 {main}  
[2016-01-08 15:53:13] local.ERROR: exception 'PDOException' with message 'SQLSTATE[08006] [7] timeout expired' in /Users/paulo/Desktop/seiportal/vendor/laravel/framework/src/Illuminate/Database/Connectors/Connector.php:55
Stack trace:
#0 /Users/paulo/Desktop/seiportal/vendor/laravel/framework/src/Illuminate/Database/Connectors/Connector.php(55): PDO->__construct('pgsql:host=172....', 'etl', 'etl', Array)
#1 /Users/paulo/Desktop/seiportal/vendor/laravel/framework/src/Illuminate/Database/Connectors/PostgresConnector.php(36): Illuminate\Database\Connectors\Connector->createConnection('pgsql:host=172....', Array, Array)
#2 /Users/paulo/Desktop/seiportal/vendor/laravel/framework/src/Illuminate/Database/Connectors/ConnectionFactory.php(60): Illuminate\Database\Connectors\PostgresConnector->connect(Array)
#3 /Users/paulo/Desktop/seiportal/vendor/laravel/framework/src/Illuminate/Database/Connectors/ConnectionFactory.php(49): Illuminate\Database\Connectors\ConnectionFactory->createSingleConnection(Array)
#4 /Users/paulo/Desktop/seiportal/vendor/laravel/framework/src/Illuminate/Database/DatabaseManager.php(176): Illuminate\Database\Connectors\ConnectionFactory->make(Array, 'pgsql')
#5 /Users/paulo/Desktop/seiportal/vendor/laravel/framework/src/Illuminate/Database/DatabaseManager.php(68): Illuminate\Database\DatabaseManager->makeConnection('pgsql')
#6 /Users/paulo/Desktop/seiportal/vendor/laravel/framework/src/Illuminate/Database/Eloquent/Model.php(3335): Illuminate\Database\DatabaseManager->connection(NULL)
#7 /Users/paulo/Desktop/seiportal/vendor/laravel/framework/src/Illuminate/Database/Eloquent/Model.php(3301): Illuminate\Database\Eloquent\Model::resolveConnection(NULL)
#8 /Users/paulo/Desktop/seiportal/vendor/laravel/framework/src/Illuminate/Database/Eloquent/Model.php(1932): Illuminate\Database\Eloquent\Model->getConnection()
#9 /Users/paulo/Desktop/seiportal/vendor/laravel/framework/src/Illuminate/Database/Eloquent/Model.php(1905): Illuminate\Database\Eloquent\Model->newBaseQueryBuilder()
#10 /Users/paulo/Desktop/seiportal/vendor/laravel/framework/src/Illuminate/Database/Eloquent/Model.php(1875): Illuminate\Database\Eloquent\Model->newQueryWithoutScopes()
#11 /Users/paulo/Desktop/seiportal/vendor/laravel/framework/src/Illuminate/Database/Eloquent/Model.php(692): Illuminate\Database\Eloquent\Model->newQuery()
#12 /Users/paulo/Desktop/seiportal/app/Http/Controllers/ControleFluxoController.php(21): Illuminate\Database\Eloquent\Model::all()
#13 [internal function]: App\Http\Controllers\ControleFluxoController->index()
#14 /Users/paulo/Desktop/seiportal/vendor/laravel/framework/src/Illuminate/Routing/Controller.php(76): call_user_func_array(Array, Array)
#15 /Users/paulo/Desktop/seiportal/vendor/laravel/framework/src/Illuminate/Routing/ControllerDispatcher.php(146): Illuminate\Routing\Controller->callAction('index', Array)
#16 /Users/paulo/Desktop/seiportal/vendor/laravel/framework/src/Illuminate/Routing/ControllerDispatcher.php(94): Illuminate\Routing\ControllerDispatcher->call(Object(App\Http\Controllers\ControleFluxoController), Object(Illuminate\Routing\Route), 'index')
#17 [internal function]: Illuminate\Routing\ControllerDispatcher->Illuminate\Routing\{closure}(Object(Illuminate\Http\Request))
#18 /Users/paulo/Desktop/seiportal/vendor/laravel/framework/src/Illuminate/Routing/Pipeline.php(52): call_user_func(Object(Closure), Object(Illuminate\Http\Request))
#19 [internal function]: Illuminate\Routing\Pipeline->Illuminate\Routing\{closure}(Object(Illuminate\Http\Request))
#20 /Users/paulo/Desktop/seiportal/vendor/laravel/framework/src/Illuminate/Pipeline/Pipeline.php(103): call_user_func(Object(Closure), Object(Illuminate\Http\Request))
#21 /Users/paulo/Desktop/seiportal/vendor/laravel/framework/src/Illuminate/Routing/ControllerDispatcher.php(96): Illuminate\Pipeline\Pipeline->then(Object(Closure))
#22 /Users/paulo/Desktop/seiportal/vendor/laravel/framework/src/Illuminate/Routing/ControllerDispatcher.php(54): Illuminate\Routing\ControllerDispatcher->callWithinStack(Object(App\Http\Controllers\ControleFluxoController), Object(Illuminate\Routing\Route), Object(Illuminate\Http\Request), 'index')
#23 /Users/paulo/Desktop/seiportal/vendor/laravel/framework/src/Illuminate/Routing/Route.php(174): Illuminate\Routing\ControllerDispatcher->dispatch(Object(Illuminate\Routing\Route), Object(Illuminate\Http\Request), 'App\\Http\\Contro...', 'index')
#24 /Users/paulo/Desktop/seiportal/vendor/laravel/framework/src/Illuminate/Routing/Route.php(140): Illuminate\Routing\Route->runController(Object(Illuminate\Http\Request))
#25 /Users/paulo/Desktop/seiportal/vendor/laravel/framework/src/Illuminate/Routing/Router.php(703): Illuminate\Routing\Route->run(Object(Illuminate\Http\Request))
#26 [internal function]: Illuminate\Routing\Router->Illuminate\Routing\{closure}(Object(Illuminate\Http\Request))
#27 /Users/paulo/Desktop/seiportal/vendor/laravel/framework/src/Illuminate/Routing/Pipeline.php(52): call_user_func(Object(Closure), Object(Illuminate\Http\Request))
#28 [internal function]: Illuminate\Routing\Pipeline->Illuminate\Routing\{closure}(Object(Illuminate\Http\Request))
#29 /Users/paulo/Desktop/seiportal/vendor/laravel/framework/src/Illuminate/Pipeline/Pipeline.php(103): call_user_func(Object(Closure), Object(Illuminate\Http\Request))
#30 /Users/paulo/Desktop/seiportal/vendor/laravel/framework/src/Illuminate/Routing/Router.php(705): Illuminate\Pipeline\Pipeline->then(Object(Closure))
#31 /Users/paulo/Desktop/seiportal/vendor/laravel/framework/src/Illuminate/Routing/Router.php(678): Illuminate\Routing\Router->runRouteWithinStack(Object(Illuminate\Routing\Route), Object(Illuminate\Http\Request))
#32 /Users/paulo/Desktop/seiportal/vendor/laravel/framework/src/Illuminate/Routing/Router.php(654): Illuminate\Routing\Router->dispatchToRoute(Object(Illuminate\Http\Request))
#33 /Users/paulo/Desktop/seiportal/vendor/laravel/framework/src/Illuminate/Foundation/Http/Kernel.php(246): Illuminate\Routing\Router->dispatch(Object(Illuminate\Http\Request))
#34 [internal function]: Illuminate\Foundation\Http\Kernel->Illuminate\Foundation\Http\{closure}(Object(Illuminate\Http\Request))
#35 /Users/paulo/Desktop/seiportal/vendor/laravel/framework/src/Illuminate/Routing/Pipeline.php(52): call_user_func(Object(Closure), Object(Illuminate\Http\Request))
#36 /Users/paulo/Desktop/seiportal/vendor/laravel/framework/src/Illuminate/Foundation/Http/Middleware/CheckForMaintenanceMode.php(44): Illuminate\Routing\Pipeline->Illuminate\Routing\{closure}(Object(Illuminate\Http\Request))
#37 [internal function]: Illuminate\Foundation\Http\Middleware\CheckForMaintenanceMode->handle(Object(Illuminate\Http\Request), Object(Closure))
#38 /Users/paulo/Desktop/seiportal/vendor/laravel/framework/src/Illuminate/Pipeline/Pipeline.php(124): call_user_func_array(Array, Array)
#39 [internal function]: Illuminate\Pipeline\Pipeline->Illuminate\Pipeline\{closure}(Object(Illuminate\Http\Request))
#40 /Users/paulo/Desktop/seiportal/vendor/laravel/framework/src/Illuminate/Routing/Pipeline.php(32): call_user_func(Object(Closure), Object(Illuminate\Http\Request))
#41 [internal function]: Illuminate\Routing\Pipeline->Illuminate\Routing\{closure}(Object(Illuminate\Http\Request))
#42 /Users/paulo/Desktop/seiportal/vendor/laravel/framework/src/Illuminate/Pipeline/Pipeline.php(103): call_user_func(Object(Closure), Object(Illuminate\Http\Request))
#43 /Users/paulo/Desktop/seiportal/vendor/laravel/framework/src/Illuminate/Foundation/Http/Kernel.php(132): Illuminate\Pipeline\Pipeline->then(Object(Closure))
#44 /Users/paulo/Desktop/seiportal/vendor/laravel/framework/src/Illuminate/Foundation/Http/Kernel.php(99): Illuminate\Foundation\Http\Kernel->sendRequestThroughRouter(Object(Illuminate\Http\Request))
#45 /Users/paulo/Desktop/seiportal/public/index.php(54): Illuminate\Foundation\Http\Kernel->handle(Object(Illuminate\Http\Request))
#46 /Users/paulo/Desktop/seiportal/server.php(21): require_once('/Users/paulo/De...')
#47 {main}  
[2016-01-08 15:53:43] local.ERROR: exception 'PDOException' with message 'SQLSTATE[08006] [7] timeout expired' in /Users/paulo/Desktop/seiportal/vendor/laravel/framework/src/Illuminate/Database/Connectors/Connector.php:55
Stack trace:
#0 /Users/paulo/Desktop/seiportal/vendor/laravel/framework/src/Illuminate/Database/Connectors/Connector.php(55): PDO->__construct('pgsql:host=172....', 'etl', 'etl', Array)
#1 /Users/paulo/Desktop/seiportal/vendor/laravel/framework/src/Illuminate/Database/Connectors/PostgresConnector.php(36): Illuminate\Database\Connectors\Connector->createConnection('pgsql:host=172....', Array, Array)
#2 /Users/paulo/Desktop/seiportal/vendor/laravel/framework/src/Illuminate/Database/Connectors/ConnectionFactory.php(60): Illuminate\Database\Connectors\PostgresConnector->connect(Array)
#3 /Users/paulo/Desktop/seiportal/vendor/laravel/framework/src/Illuminate/Database/Connectors/ConnectionFactory.php(49): Illuminate\Database\Connectors\ConnectionFactory->createSingleConnection(Array)
#4 /Users/paulo/Desktop/seiportal/vendor/laravel/framework/src/Illuminate/Database/DatabaseManager.php(176): Illuminate\Database\Connectors\ConnectionFactory->make(Array, 'pgsql')
#5 /Users/paulo/Desktop/seiportal/vendor/laravel/framework/src/Illuminate/Database/DatabaseManager.php(68): Illuminate\Database\DatabaseManager->makeConnection('pgsql')
#6 /Users/paulo/Desktop/seiportal/vendor/laravel/framework/src/Illuminate/Database/Eloquent/Model.php(3335): Illuminate\Database\DatabaseManager->connection(NULL)
#7 /Users/paulo/Desktop/seiportal/vendor/laravel/framework/src/Illuminate/Database/Eloquent/Model.php(3301): Illuminate\Database\Eloquent\Model::resolveConnection(NULL)
#8 /Users/paulo/Desktop/seiportal/vendor/laravel/framework/src/Illuminate/Database/Eloquent/Model.php(1932): Illuminate\Database\Eloquent\Model->getConnection()
#9 /Users/paulo/Desktop/seiportal/vendor/laravel/framework/src/Illuminate/Database/Eloquent/Model.php(1905): Illuminate\Database\Eloquent\Model->newBaseQueryBuilder()
#10 /Users/paulo/Desktop/seiportal/vendor/laravel/framework/src/Illuminate/Database/Eloquent/Model.php(1875): Illuminate\Database\Eloquent\Model->newQueryWithoutScopes()
#11 /Users/paulo/Desktop/seiportal/vendor/laravel/framework/src/Illuminate/Database/Eloquent/Model.php(692): Illuminate\Database\Eloquent\Model->newQuery()
#12 /Users/paulo/Desktop/seiportal/app/Http/Controllers/ControleFluxoController.php(21): Illuminate\Database\Eloquent\Model::all()
#13 [internal function]: App\Http\Controllers\ControleFluxoController->index()
#14 /Users/paulo/Desktop/seiportal/vendor/laravel/framework/src/Illuminate/Routing/Controller.php(76): call_user_func_array(Array, Array)
#15 /Users/paulo/Desktop/seiportal/vendor/laravel/framework/src/Illuminate/Routing/ControllerDispatcher.php(146): Illuminate\Routing\Controller->callAction('index', Array)
#16 /Users/paulo/Desktop/seiportal/vendor/laravel/framework/src/Illuminate/Routing/ControllerDispatcher.php(94): Illuminate\Routing\ControllerDispatcher->call(Object(App\Http\Controllers\ControleFluxoController), Object(Illuminate\Routing\Route), 'index')
#17 [internal function]: Illuminate\Routing\ControllerDispatcher->Illuminate\Routing\{closure}(Object(Illuminate\Http\Request))
#18 /Users/paulo/Desktop/seiportal/vendor/laravel/framework/src/Illuminate/Routing/Pipeline.php(52): call_user_func(Object(Closure), Object(Illuminate\Http\Request))
#19 [internal function]: Illuminate\Routing\Pipeline->Illuminate\Routing\{closure}(Object(Illuminate\Http\Request))
#20 /Users/paulo/Desktop/seiportal/vendor/laravel/framework/src/Illuminate/Pipeline/Pipeline.php(103): call_user_func(Object(Closure), Object(Illuminate\Http\Request))
#21 /Users/paulo/Desktop/seiportal/vendor/laravel/framework/src/Illuminate/Routing/ControllerDispatcher.php(96): Illuminate\Pipeline\Pipeline->then(Object(Closure))
#22 /Users/paulo/Desktop/seiportal/vendor/laravel/framework/src/Illuminate/Routing/ControllerDispatcher.php(54): Illuminate\Routing\ControllerDispatcher->callWithinStack(Object(App\Http\Controllers\ControleFluxoController), Object(Illuminate\Routing\Route), Object(Illuminate\Http\Request), 'index')
#23 /Users/paulo/Desktop/seiportal/vendor/laravel/framework/src/Illuminate/Routing/Route.php(174): Illuminate\Routing\ControllerDispatcher->dispatch(Object(Illuminate\Routing\Route), Object(Illuminate\Http\Request), 'App\\Http\\Contro...', 'index')
#24 /Users/paulo/Desktop/seiportal/vendor/laravel/framework/src/Illuminate/Routing/Route.php(140): Illuminate\Routing\Route->runController(Object(Illuminate\Http\Request))
#25 /Users/paulo/Desktop/seiportal/vendor/laravel/framework/src/Illuminate/Routing/Router.php(703): Illuminate\Routing\Route->run(Object(Illuminate\Http\Request))
#26 [internal function]: Illuminate\Routing\Router->Illuminate\Routing\{closure}(Object(Illuminate\Http\Request))
#27 /Users/paulo/Desktop/seiportal/vendor/laravel/framework/src/Illuminate/Routing/Pipeline.php(52): call_user_func(Object(Closure), Object(Illuminate\Http\Request))
#28 [internal function]: Illuminate\Routing\Pipeline->Illuminate\Routing\{closure}(Object(Illuminate\Http\Request))
#29 /Users/paulo/Desktop/seiportal/vendor/laravel/framework/src/Illuminate/Pipeline/Pipeline.php(103): call_user_func(Object(Closure), Object(Illuminate\Http\Request))
#30 /Users/paulo/Desktop/seiportal/vendor/laravel/framework/src/Illuminate/Routing/Router.php(705): Illuminate\Pipeline\Pipeline->then(Object(Closure))
#31 /Users/paulo/Desktop/seiportal/vendor/laravel/framework/src/Illuminate/Routing/Router.php(678): Illuminate\Routing\Router->runRouteWithinStack(Object(Illuminate\Routing\Route), Object(Illuminate\Http\Request))
#32 /Users/paulo/Desktop/seiportal/vendor/laravel/framework/src/Illuminate/Routing/Router.php(654): Illuminate\Routing\Router->dispatchToRoute(Object(Illuminate\Http\Request))
#33 /Users/paulo/Desktop/seiportal/vendor/laravel/framework/src/Illuminate/Foundation/Http/Kernel.php(246): Illuminate\Routing\Router->dispatch(Object(Illuminate\Http\Request))
#34 [internal function]: Illuminate\Foundation\Http\Kernel->Illuminate\Foundation\Http\{closure}(Object(Illuminate\Http\Request))
#35 /Users/paulo/Desktop/seiportal/vendor/laravel/framework/src/Illuminate/Routing/Pipeline.php(52): call_user_func(Object(Closure), Object(Illuminate\Http\Request))
#36 /Users/paulo/Desktop/seiportal/vendor/laravel/framework/src/Illuminate/Foundation/Http/Middleware/CheckForMaintenanceMode.php(44): Illuminate\Routing\Pipeline->Illuminate\Routing\{closure}(Object(Illuminate\Http\Request))
#37 [internal function]: Illuminate\Foundation\Http\Middleware\CheckForMaintenanceMode->handle(Object(Illuminate\Http\Request), Object(Closure))
#38 /Users/paulo/Desktop/seiportal/vendor/laravel/framework/src/Illuminate/Pipeline/Pipeline.php(124): call_user_func_array(Array, Array)
#39 [internal function]: Illuminate\Pipeline\Pipeline->Illuminate\Pipeline\{closure}(Object(Illuminate\Http\Request))
#40 /Users/paulo/Desktop/seiportal/vendor/laravel/framework/src/Illuminate/Routing/Pipeline.php(32): call_user_func(Object(Closure), Object(Illuminate\Http\Request))
#41 [internal function]: Illuminate\Routing\Pipeline->Illuminate\Routing\{closure}(Object(Illuminate\Http\Request))
#42 /Users/paulo/Desktop/seiportal/vendor/laravel/framework/src/Illuminate/Pipeline/Pipeline.php(103): call_user_func(Object(Closure), Object(Illuminate\Http\Request))
#43 /Users/paulo/Desktop/seiportal/vendor/laravel/framework/src/Illuminate/Foundation/Http/Kernel.php(132): Illuminate\Pipeline\Pipeline->then(Object(Closure))
#44 /Users/paulo/Desktop/seiportal/vendor/laravel/framework/src/Illuminate/Foundation/Http/Kernel.php(99): Illuminate\Foundation\Http\Kernel->sendRequestThroughRouter(Object(Illuminate\Http\Request))
#45 /Users/paulo/Desktop/seiportal/public/index.php(54): Illuminate\Foundation\Http\Kernel->handle(Object(Illuminate\Http\Request))
#46 /Users/paulo/Desktop/seiportal/server.php(21): require_once('/Users/paulo/De...')
#47 {main}  
[2016-01-13 13:01:21] local.ERROR: exception 'PDOException' with message 'SQLSTATE[08006] [7] timeout expired' in /Users/paulo/Desktop/seiportal/vendor/laravel/framework/src/Illuminate/Database/Connectors/Connector.php:55
Stack trace:
#0 /Users/paulo/Desktop/seiportal/vendor/laravel/framework/src/Illuminate/Database/Connectors/Connector.php(55): PDO->__construct('pgsql:host=172....', 'etl', 'etl', Array)
#1 /Users/paulo/Desktop/seiportal/vendor/laravel/framework/src/Illuminate/Database/Connectors/PostgresConnector.php(36): Illuminate\Database\Connectors\Connector->createConnection('pgsql:host=172....', Array, Array)
#2 /Users/paulo/Desktop/seiportal/vendor/laravel/framework/src/Illuminate/Database/Connectors/ConnectionFactory.php(60): Illuminate\Database\Connectors\PostgresConnector->connect(Array)
#3 /Users/paulo/Desktop/seiportal/vendor/laravel/framework/src/Illuminate/Database/Connectors/ConnectionFactory.php(49): Illuminate\Database\Connectors\ConnectionFactory->createSingleConnection(Array)
#4 /Users/paulo/Desktop/seiportal/vendor/laravel/framework/src/Illuminate/Database/DatabaseManager.php(176): Illuminate\Database\Connectors\ConnectionFactory->make(Array, 'pgsql')
#5 /Users/paulo/Desktop/seiportal/vendor/laravel/framework/src/Illuminate/Database/DatabaseManager.php(68): Illuminate\Database\DatabaseManager->makeConnection('pgsql')
#6 /Users/paulo/Desktop/seiportal/vendor/laravel/framework/src/Illuminate/Database/Eloquent/Model.php(3335): Illuminate\Database\DatabaseManager->connection(NULL)
#7 /Users/paulo/Desktop/seiportal/vendor/laravel/framework/src/Illuminate/Database/Eloquent/Model.php(3301): Illuminate\Database\Eloquent\Model::resolveConnection(NULL)
#8 /Users/paulo/Desktop/seiportal/vendor/laravel/framework/src/Illuminate/Database/Eloquent/Model.php(1932): Illuminate\Database\Eloquent\Model->getConnection()
#9 /Users/paulo/Desktop/seiportal/vendor/laravel/framework/src/Illuminate/Database/Eloquent/Model.php(1905): Illuminate\Database\Eloquent\Model->newBaseQueryBuilder()
#10 /Users/paulo/Desktop/seiportal/vendor/laravel/framework/src/Illuminate/Database/Eloquent/Model.php(1875): Illuminate\Database\Eloquent\Model->newQueryWithoutScopes()
#11 /Users/paulo/Desktop/seiportal/vendor/laravel/framework/src/Illuminate/Database/Eloquent/Model.php(692): Illuminate\Database\Eloquent\Model->newQuery()
#12 /Users/paulo/Desktop/seiportal/app/Http/Controllers/ControleFluxoController.php(21): Illuminate\Database\Eloquent\Model::all()
#13 [internal function]: App\Http\Controllers\ControleFluxoController->index()
#14 /Users/paulo/Desktop/seiportal/vendor/laravel/framework/src/Illuminate/Routing/Controller.php(76): call_user_func_array(Array, Array)
#15 /Users/paulo/Desktop/seiportal/vendor/laravel/framework/src/Illuminate/Routing/ControllerDispatcher.php(146): Illuminate\Routing\Controller->callAction('index', Array)
#16 /Users/paulo/Desktop/seiportal/vendor/laravel/framework/src/Illuminate/Routing/ControllerDispatcher.php(94): Illuminate\Routing\ControllerDispatcher->call(Object(App\Http\Controllers\ControleFluxoController), Object(Illuminate\Routing\Route), 'index')
#17 [internal function]: Illuminate\Routing\ControllerDispatcher->Illuminate\Routing\{closure}(Object(Illuminate\Http\Request))
#18 /Users/paulo/Desktop/seiportal/vendor/laravel/framework/src/Illuminate/Routing/Pipeline.php(52): call_user_func(Object(Closure), Object(Illuminate\Http\Request))
#19 [internal function]: Illuminate\Routing\Pipeline->Illuminate\Routing\{closure}(Object(Illuminate\Http\Request))
#20 /Users/paulo/Desktop/seiportal/vendor/laravel/framework/src/Illuminate/Pipeline/Pipeline.php(103): call_user_func(Object(Closure), Object(Illuminate\Http\Request))
#21 /Users/paulo/Desktop/seiportal/vendor/laravel/framework/src/Illuminate/Routing/ControllerDispatcher.php(96): Illuminate\Pipeline\Pipeline->then(Object(Closure))
#22 /Users/paulo/Desktop/seiportal/vendor/laravel/framework/src/Illuminate/Routing/ControllerDispatcher.php(54): Illuminate\Routing\ControllerDispatcher->callWithinStack(Object(App\Http\Controllers\ControleFluxoController), Object(Illuminate\Routing\Route), Object(Illuminate\Http\Request), 'index')
#23 /Users/paulo/Desktop/seiportal/vendor/laravel/framework/src/Illuminate/Routing/Route.php(174): Illuminate\Routing\ControllerDispatcher->dispatch(Object(Illuminate\Routing\Route), Object(Illuminate\Http\Request), 'App\\Http\\Contro...', 'index')
#24 /Users/paulo/Desktop/seiportal/vendor/laravel/framework/src/Illuminate/Routing/Route.php(140): Illuminate\Routing\Route->runController(Object(Illuminate\Http\Request))
#25 /Users/paulo/Desktop/seiportal/vendor/laravel/framework/src/Illuminate/Routing/Router.php(703): Illuminate\Routing\Route->run(Object(Illuminate\Http\Request))
#26 [internal function]: Illuminate\Routing\Router->Illuminate\Routing\{closure}(Object(Illuminate\Http\Request))
#27 /Users/paulo/Desktop/seiportal/vendor/laravel/framework/src/Illuminate/Routing/Pipeline.php(52): call_user_func(Object(Closure), Object(Illuminate\Http\Request))
#28 [internal function]: Illuminate\Routing\Pipeline->Illuminate\Routing\{closure}(Object(Illuminate\Http\Request))
#29 /Users/paulo/Desktop/seiportal/vendor/laravel/framework/src/Illuminate/Pipeline/Pipeline.php(103): call_user_func(Object(Closure), Object(Illuminate\Http\Request))
#30 /Users/paulo/Desktop/seiportal/vendor/laravel/framework/src/Illuminate/Routing/Router.php(705): Illuminate\Pipeline\Pipeline->then(Object(Closure))
#31 /Users/paulo/Desktop/seiportal/vendor/laravel/framework/src/Illuminate/Routing/Router.php(678): Illuminate\Routing\Router->runRouteWithinStack(Object(Illuminate\Routing\Route), Object(Illuminate\Http\Request))
#32 /Users/paulo/Desktop/seiportal/vendor/laravel/framework/src/Illuminate/Routing/Router.php(654): Illuminate\Routing\Router->dispatchToRoute(Object(Illuminate\Http\Request))
#33 /Users/paulo/Desktop/seiportal/vendor/laravel/framework/src/Illuminate/Foundation/Http/Kernel.php(246): Illuminate\Routing\Router->dispatch(Object(Illuminate\Http\Request))
#34 [internal function]: Illuminate\Foundation\Http\Kernel->Illuminate\Foundation\Http\{closure}(Object(Illuminate\Http\Request))
#35 /Users/paulo/Desktop/seiportal/vendor/laravel/framework/src/Illuminate/Routing/Pipeline.php(52): call_user_func(Object(Closure), Object(Illuminate\Http\Request))
#36 /Users/paulo/Desktop/seiportal/vendor/laravel/framework/src/Illuminate/Foundation/Http/Middleware/CheckForMaintenanceMode.php(44): Illuminate\Routing\Pipeline->Illuminate\Routing\{closure}(Object(Illuminate\Http\Request))
#37 [internal function]: Illuminate\Foundation\Http\Middleware\CheckForMaintenanceMode->handle(Object(Illuminate\Http\Request), Object(Closure))
#38 /Users/paulo/Desktop/seiportal/vendor/laravel/framework/src/Illuminate/Pipeline/Pipeline.php(124): call_user_func_array(Array, Array)
#39 [internal function]: Illuminate\Pipeline\Pipeline->Illuminate\Pipeline\{closure}(Object(Illuminate\Http\Request))
#40 /Users/paulo/Desktop/seiportal/vendor/laravel/framework/src/Illuminate/Routing/Pipeline.php(32): call_user_func(Object(Closure), Object(Illuminate\Http\Request))
#41 [internal function]: Illuminate\Routing\Pipeline->Illuminate\Routing\{closure}(Object(Illuminate\Http\Request))
#42 /Users/paulo/Desktop/seiportal/vendor/laravel/framework/src/Illuminate/Pipeline/Pipeline.php(103): call_user_func(Object(Closure), Object(Illuminate\Http\Request))
#43 /Users/paulo/Desktop/seiportal/vendor/laravel/framework/src/Illuminate/Foundation/Http/Kernel.php(132): Illuminate\Pipeline\Pipeline->then(Object(Closure))
#44 /Users/paulo/Desktop/seiportal/vendor/laravel/framework/src/Illuminate/Foundation/Http/Kernel.php(99): Illuminate\Foundation\Http\Kernel->sendRequestThroughRouter(Object(Illuminate\Http\Request))
#45 /Users/paulo/Desktop/seiportal/public/index.php(54): Illuminate\Foundation\Http\Kernel->handle(Object(Illuminate\Http\Request))
#46 /Users/paulo/Desktop/seiportal/server.php(21): require_once('/Users/paulo/De...')
#47 {main}  
[2016-01-13 13:06:53] local.ERROR: exception 'Symfony\Component\Debug\Exception\FatalErrorException' with message 'Class 'App\Http\Controllers\ExecucaoTempo' not found' in /Users/paulo/Desktop/seiportal/app/Http/Controllers/ExecucaoTempoController.php:14
Stack trace:
#0 {main}  
[2016-01-13 13:07:43] local.ERROR: exception 'Symfony\Component\Debug\Exception\FatalErrorException' with message 'Class 'App\Http\Controllers\ExecucaoTempo' not found' in /Users/paulo/Desktop/seiportal/app/Http/Controllers/ExecucaoTempoController.php:14
Stack trace:
#0 {main}  
[2016-01-13 13:08:06] local.ERROR: exception 'Symfony\Component\Debug\Exception\FatalErrorException' with message 'Class 'App\Http\Controllers\ExecucaoTempo' not found' in /Users/paulo/Desktop/seiportal/app/Http/Controllers/ExecucaoTempoController.php:14
Stack trace:
#0 {main}  
[2016-01-13 13:09:10] local.ERROR: exception 'Symfony\Component\Debug\Exception\FatalErrorException' with message 'Class 'App\Http\Controllers\App\ExecucaoTempo' not found' in /Users/paulo/Desktop/seiportal/app/Http/Controllers/ExecucaoTempoController.php:14
Stack trace:
#0 {main}  
[2016-01-13 13:11:42] local.ERROR: exception 'Symfony\Component\Debug\Exception\FatalErrorException' with message 'Class 'App\Http\Controllers\App\ExecucaoTempo' not found' in /Users/paulo/Desktop/seiportal/app/Http/Controllers/ExecucaoTempoController.php:14
Stack trace:
#0 {main}  
[2016-01-13 13:11:46] local.ERROR: exception 'Symfony\Component\Debug\Exception\FatalErrorException' with message 'Class 'App\Http\Controllers\App\ExecucaoTempo' not found' in /Users/paulo/Desktop/seiportal/app/Http/Controllers/ExecucaoTempoController.php:14
Stack trace:
#0 {main}  
[2016-01-13 13:12:43] local.ERROR: exception 'Symfony\Component\Debug\Exception\FatalErrorException' with message 'Class 'App\Http\Controllers\ExecucaoTempo' not found' in /Users/paulo/Desktop/seiportal/app/Http/Controllers/ExecucaoTempoController.php:15
Stack trace:
#0 {main}  
